[ 2016-05-25T00:01:43+08:00 ] 192.168.56.1 /Home/Article/add.html
INFO: [ app_init ] --START--
INFO: Run Behavior\BuildLiteBehavior [ RunTime:0.000009s ]
INFO: [ app_init ] --END-- [ RunTime:0.000059s ]
INFO: [ app_begin ] --START--
INFO: Run Behavior\ReadHtmlCacheBehavior [ RunTime:0.000023s ]
INFO: [ app_begin ] --END-- [ RunTime:0.000042s ]
INFO: [ view_parse ] --START--
INFO: [ template_filter ] --START--
INFO: Run Behavior\ContentReplaceBehavior [ RunTime:0.000067s ]
INFO: [ template_filter ] --END-- [ RunTime:0.000104s ]
NOTIC: [8] Undefined variable: isTree /app/site/mark-ubuntu/web/backend.mcgoldfish.com/Application/Runtime/Cache/Home/cbac10250d18d669771419b1564a77f8.php 第 44 行.
NOTIC: [8] Undefined variable: isTree /app/site/mark-ubuntu/web/backend.mcgoldfish.com/Application/Runtime/Cache/Home/cbac10250d18d669771419b1564a77f8.php 第 455 行.
INFO: Run Behavior\ParseTemplateBehavior [ RunTime:0.006044s ]
INFO: [ view_parse ] --END-- [ RunTime:0.006068s ]
INFO: [ view_filter ] --START--
INFO: Run Behavior\WriteHtmlCacheBehavior [ RunTime:0.000036s ]
INFO: [ view_filter ] --END-- [ RunTime:0.000053s ]
INFO: [ app_end ] --START--
INFO: Run Behavior\ShowPageTraceBehavior [ RunTime:0.000030s ]
INFO: [ app_end ] --END-- [ RunTime:0.000052s ]

[ 2016-05-25T00:01:43+08:00 ] 192.168.56.1 /Home/Article//Public/media/image/avatar1.jpg
INFO: [ app_init ] --START--
INFO: Run Behavior\BuildLiteBehavior [ RunTime:0.000018s ]
INFO: [ app_init ] --END-- [ RunTime:0.000106s ]

[ 2016-05-25T00:01:43+08:00 ] 192.168.56.1 /Home/Article//Public/media/image/avatar3.jpg
INFO: [ app_init ] --START--
INFO: Run Behavior\BuildLiteBehavior [ RunTime:0.000012s ]
INFO: [ app_init ] --END-- [ RunTime:0.000077s ]

[ 2016-05-25T00:02:30+08:00 ] 192.168.56.1 /Home/Article/add.html
INFO: [ app_init ] --START--
INFO: Run Behavior\BuildLiteBehavior [ RunTime:0.000008s ]
INFO: [ app_init ] --END-- [ RunTime:0.000055s ]
INFO: [ app_begin ] --START--
INFO: Run Behavior\ReadHtmlCacheBehavior [ RunTime:0.000025s ]
INFO: [ app_begin ] --END-- [ RunTime:0.000045s ]
INFO: [ view_parse ] --START--
INFO: [ template_filter ] --START--
INFO: Run Behavior\ContentReplaceBehavior [ RunTime:0.000061s ]
INFO: [ template_filter ] --END-- [ RunTime:0.000096s ]
NOTIC: [8] Undefined variable: isTree /app/site/mark-ubuntu/web/backend.mcgoldfish.com/Application/Runtime/Cache/Home/cbac10250d18d669771419b1564a77f8.php 第 44 行.
NOTIC: [8] Undefined variable: isTree /app/site/mark-ubuntu/web/backend.mcgoldfish.com/Application/Runtime/Cache/Home/cbac10250d18d669771419b1564a77f8.php 第 454 行.
INFO: Run Behavior\ParseTemplateBehavior [ RunTime:0.005872s ]
INFO: [ view_parse ] --END-- [ RunTime:0.005897s ]
INFO: [ view_filter ] --START--
INFO: Run Behavior\WriteHtmlCacheBehavior [ RunTime:0.000043s ]
INFO: [ view_filter ] --END-- [ RunTime:0.000060s ]
INFO: [ app_end ] --START--
INFO: Run Behavior\ShowPageTraceBehavior [ RunTime:0.000035s ]
INFO: [ app_end ] --END-- [ RunTime:0.000058s ]

[ 2016-05-25T00:02:31+08:00 ] 192.168.56.1 /Home/Article//Public/media/image/avatar3.jpg
INFO: [ app_init ] --START--
INFO: Run Behavior\BuildLiteBehavior [ RunTime:0.000009s ]
INFO: [ app_init ] --END-- [ RunTime:0.000061s ]

[ 2016-05-25T00:02:31+08:00 ] 192.168.56.1 /Home/Article//Public/media/image/avatar1.jpg
INFO: [ app_init ] --START--
INFO: Run Behavior\BuildLiteBehavior [ RunTime:0.000014s ]
INFO: [ app_init ] --END-- [ RunTime:0.000224s ]

[ 2016-05-25T00:10:32+08:00 ] 192.168.56.1 /Home/Article/add.html
INFO: [ app_init ] --START--
INFO: Run Behavior\BuildLiteBehavior [ RunTime:0.000007s ]
INFO: [ app_init ] --END-- [ RunTime:0.000049s ]
INFO: [ app_begin ] --START--
INFO: Run Behavior\ReadHtmlCacheBehavior [ RunTime:0.000021s ]
INFO: [ app_begin ] --END-- [ RunTime:0.000040s ]
INFO: [ view_parse ] --START--
INFO: [ template_filter ] --START--
INFO: Run Behavior\ContentReplaceBehavior [ RunTime:0.000062s ]
INFO: [ template_filter ] --END-- [ RunTime:0.000265s ]
NOTIC: [8] Undefined variable: isTree /app/site/mark-ubuntu/web/backend.mcgoldfish.com/Application/Runtime/Cache/Home/cbac10250d18d669771419b1564a77f8.php 第 44 行.
NOTIC: [8] Undefined variable: isTree /app/site/mark-ubuntu/web/backend.mcgoldfish.com/Application/Runtime/Cache/Home/cbac10250d18d669771419b1564a77f8.php 第 454 行.
INFO: Run Behavior\ParseTemplateBehavior [ RunTime:0.007054s ]
INFO: [ view_parse ] --END-- [ RunTime:0.007209s ]
INFO: [ view_filter ] --START--
INFO: Run Behavior\WriteHtmlCacheBehavior [ RunTime:0.000134s ]
INFO: [ view_filter ] --END-- [ RunTime:0.000187s ]
INFO: [ app_end ] --START--
INFO: Run Behavior\ShowPageTraceBehavior [ RunTime:0.000056s ]
INFO: [ app_end ] --END-- [ RunTime:0.000108s ]

[ 2016-05-25T00:10:33+08:00 ] 192.168.56.1 /Home/Article//Public/media/image/avatar1.jpg
INFO: [ app_init ] --START--
INFO: Run Behavior\BuildLiteBehavior [ RunTime:0.000013s ]
INFO: [ app_init ] --END-- [ RunTime:0.000079s ]

[ 2016-05-25T00:10:33+08:00 ] 192.168.56.1 /Home/Article//Public/media/image/avatar3.jpg
INFO: [ app_init ] --START--
INFO: Run Behavior\BuildLiteBehavior [ RunTime:0.000013s ]
INFO: [ app_init ] --END-- [ RunTime:0.000079s ]

[ 2016-05-25T00:10:41+08:00 ] 192.168.56.1 /Home/Article/add.html
INFO: [ app_init ] --START--
INFO: Run Behavior\BuildLiteBehavior [ RunTime:0.000007s ]
INFO: [ app_init ] --END-- [ RunTime:0.000049s ]
INFO: [ app_begin ] --START--
INFO: Run Behavior\ReadHtmlCacheBehavior [ RunTime:0.000021s ]
INFO: [ app_begin ] --END-- [ RunTime:0.000041s ]
INFO: [ view_parse ] --START--
INFO: [ template_filter ] --START--
INFO: Run Behavior\ContentReplaceBehavior [ RunTime:0.000055s ]
INFO: [ template_filter ] --END-- [ RunTime:0.000081s ]
NOTIC: [8] Undefined variable: isTree /app/site/mark-ubuntu/web/backend.mcgoldfish.com/Application/Runtime/Cache/Home/cbac10250d18d669771419b1564a77f8.php 第 44 行.
NOTIC: [8] Undefined variable: isTree /app/site/mark-ubuntu/web/backend.mcgoldfish.com/Application/Runtime/Cache/Home/cbac10250d18d669771419b1564a77f8.php 第 454 行.
INFO: Run Behavior\ParseTemplateBehavior [ RunTime:0.005450s ]
INFO: [ view_parse ] --END-- [ RunTime:0.005472s ]
INFO: [ view_filter ] --START--
INFO: Run Behavior\WriteHtmlCacheBehavior [ RunTime:0.000034s ]
INFO: [ view_filter ] --END-- [ RunTime:0.000049s ]
INFO: [ app_end ] --START--
INFO: Run Behavior\ShowPageTraceBehavior [ RunTime:0.000026s ]
INFO: [ app_end ] --END-- [ RunTime:0.000045s ]

[ 2016-05-25T00:10:41+08:00 ] 192.168.56.1 /Home/Article//Public/media/image/avatar1.jpg
INFO: [ app_init ] --START--
INFO: Run Behavior\BuildLiteBehavior [ RunTime:0.000013s ]
INFO: [ app_init ] --END-- [ RunTime:0.000079s ]

[ 2016-05-25T00:10:41+08:00 ] 192.168.56.1 /Home/Article//Public/media/image/avatar3.jpg
INFO: [ app_init ] --START--
INFO: Run Behavior\BuildLiteBehavior [ RunTime:0.000013s ]
INFO: [ app_init ] --END-- [ RunTime:0.000084s ]

[ 2016-05-25T00:10:54+08:00 ] 192.168.56.1 /Home/Article/add.html
INFO: [ app_init ] --START--
INFO: Run Behavior\BuildLiteBehavior [ RunTime:0.000007s ]
INFO: [ app_init ] --END-- [ RunTime:0.000048s ]
INFO: [ app_begin ] --START--
INFO: Run Behavior\ReadHtmlCacheBehavior [ RunTime:0.000020s ]
INFO: [ app_begin ] --END-- [ RunTime:0.000039s ]
INFO: [ view_parse ] --START--
INFO: [ template_filter ] --START--
INFO: Run Behavior\ContentReplaceBehavior [ RunTime:0.000059s ]
INFO: [ template_filter ] --END-- [ RunTime:0.000093s ]
NOTIC: [8] Undefined variable: isTree /app/site/mark-ubuntu/web/backend.mcgoldfish.com/Application/Runtime/Cache/Home/cbac10250d18d669771419b1564a77f8.php 第 44 行.
NOTIC: [8] Undefined variable: isTree /app/site/mark-ubuntu/web/backend.mcgoldfish.com/Application/Runtime/Cache/Home/cbac10250d18d669771419b1564a77f8.php 第 454 行.
INFO: Run Behavior\ParseTemplateBehavior [ RunTime:0.006555s ]
INFO: [ view_parse ] --END-- [ RunTime:0.006593s ]
INFO: [ view_filter ] --START--
INFO: Run Behavior\WriteHtmlCacheBehavior [ RunTime:0.000079s ]
INFO: [ view_filter ] --END-- [ RunTime:0.000099s ]
INFO: [ app_end ] --START--
INFO: Run Behavior\ShowPageTraceBehavior [ RunTime:0.000061s ]
INFO: [ app_end ] --END-- [ RunTime:0.000099s ]

[ 2016-05-25T00:10:54+08:00 ] 192.168.56.1 /Home/Article//Public/media/image/avatar1.jpg
INFO: [ app_init ] --START--
INFO: Run Behavior\BuildLiteBehavior [ RunTime:0.000017s ]
INFO: [ app_init ] --END-- [ RunTime:0.000093s ]

[ 2016-05-25T00:10:54+08:00 ] 192.168.56.1 /Home/Article//Public/media/image/avatar3.jpg
INFO: [ app_init ] --START--
INFO: Run Behavior\BuildLiteBehavior [ RunTime:0.000015s ]
INFO: [ app_init ] --END-- [ RunTime:0.000084s ]

[ 2016-05-25T00:11:07+08:00 ] 192.168.56.1 /Home/Article/add.html
INFO: [ app_init ] --START--
INFO: Run Behavior\BuildLiteBehavior [ RunTime:0.000017s ]
INFO: [ app_init ] --END-- [ RunTime:0.000152s ]
INFO: [ app_begin ] --START--
INFO: Run Behavior\ReadHtmlCacheBehavior [ RunTime:0.000029s ]
INFO: [ app_begin ] --END-- [ RunTime:0.000059s ]
INFO: [ view_parse ] --START--
INFO: [ template_filter ] --START--
INFO: Run Behavior\ContentReplaceBehavior [ RunTime:0.000071s ]
INFO: [ template_filter ] --END-- [ RunTime:0.000122s ]
NOTIC: [8] Undefined variable: isTree /app/site/mark-ubuntu/web/backend.mcgoldfish.com/Application/Runtime/Cache/Home/cbac10250d18d669771419b1564a77f8.php 第 44 行.
NOTIC: [8] Undefined variable: isTree /app/site/mark-ubuntu/web/backend.mcgoldfish.com/Application/Runtime/Cache/Home/cbac10250d18d669771419b1564a77f8.php 第 454 行.
INFO: Run Behavior\ParseTemplateBehavior [ RunTime:0.008822s ]
INFO: [ view_parse ] --END-- [ RunTime:0.008849s ]
INFO: [ view_filter ] --START--
INFO: Run Behavior\WriteHtmlCacheBehavior [ RunTime:0.000040s ]
INFO: [ view_filter ] --END-- [ RunTime:0.000057s ]
INFO: [ app_end ] --START--
INFO: Run Behavior\ShowPageTraceBehavior [ RunTime:0.000035s ]
INFO: [ app_end ] --END-- [ RunTime:0.000060s ]

[ 2016-05-25T00:11:07+08:00 ] 192.168.56.1 /Home/Article//Public/media/image/avatar1.jpg
INFO: [ app_init ] --START--
INFO: Run Behavior\BuildLiteBehavior [ RunTime:0.000012s ]
INFO: [ app_init ] --END-- [ RunTime:0.000072s ]

[ 2016-05-25T00:11:07+08:00 ] 192.168.56.1 /Home/Article//Public/media/image/avatar3.jpg
INFO: [ app_init ] --START--
INFO: Run Behavior\BuildLiteBehavior [ RunTime:0.000011s ]
INFO: [ app_init ] --END-- [ RunTime:0.000075s ]

[ 2016-05-25T00:23:16+08:00 ] 192.168.56.1 /Home/Article/insert.html
INFO: [ app_init ] --START--
INFO: Run Behavior\BuildLiteBehavior [ RunTime:0.000007s ]
INFO: [ app_init ] --END-- [ RunTime:0.000048s ]
INFO: [ app_begin ] --START--
INFO: Run Behavior\ReadHtmlCacheBehavior [ RunTime:0.000019s ]
INFO: [ app_begin ] --END-- [ RunTime:0.000038s ]
NOTIC: [2] call_user_func() expects parameter 1 to be a valid callback, no array or string given /app/site/mark-ubuntu/web/backend.mcgoldfish.com/ThinkPHP/Library/Think/Upload.class.php 第 170 行.
NOTIC: [8] Undefined index: savename /app/site/mark-ubuntu/web/backend.mcgoldfish.com/Application/Home/Controller/ArticleController.class.php 第 36 行.
SQL: SHOW COLUMNS FROM `article` [ RunTime:0.0006s ]
NOTIC: [8] Undefined index: validate /app/site/mark-ubuntu/web/backend.mcgoldfish.com/ThinkPHP/Library/Think/Model.class.php 第 1185 行.
NOTIC: [8] Undefined index: auto /app/site/mark-ubuntu/web/backend.mcgoldfish.com/ThinkPHP/Library/Think/Model.class.php 第 1128 行.
SQL: INSERT INTO `article` (`title`,`pageh1`,`articlesource`,`content`,`maintainorder`,`addeditor`,`tip`,`addtime`,`image`) VALUES ('第一篇测试文章','我的网站第一篇文章','原创','<p>
	1.测试文章
</p>
<p>
	2.测试文章
</p>
<p>
	<span>2.测试文章</span>
</p>
<p>
	<span style=\\\"line-height:1.5;\\\"><span>2.测试文章</span></span>
</p>
<p>
	<span style=\\\"line-height:1.5;\\\"><span>2.测试文章</span></span>
</p>
<p>
	<span style=\\\"line-height:1.5;\\\"><span>2.测试文章</span></span>
</p>
<p>
	<span style=\\\"line-height:1.5;\\\"><span>2.测试文章</span></span>
</p>
<p>
	<span style=\\\"line-height:1.5;\\\"><span>2.测试文章</span></span>
</p>
<p>
	<span>2.测试文章</span>
</p>
<p>
	<span>2.测试文章</span>
</p>','1','admin','新文章','2016-05-25 00:23:16',NULL) [ RunTime:0.0038s ]
SQL: SHOW COLUMNS FROM `rewrite_url` [ RunTime:0.0007s ]
NOTIC: [8] Undefined index: validate /app/site/mark-ubuntu/web/backend.mcgoldfish.com/ThinkPHP/Library/Think/Model.class.php 第 1185 行.
NOTIC: [8] Undefined index: auto /app/site/mark-ubuntu/web/backend.mcgoldfish.com/ThinkPHP/Library/Think/Model.class.php 第 1128 行.
SQL: INSERT INTO `rewrite_url` (`status`) VALUES ('yes') [ RunTime:0.0015s ]
INFO: [ view_parse ] --START--
INFO: [ template_filter ] --START--
INFO: Run Behavior\ContentReplaceBehavior [ RunTime:0.000023s ]
INFO: [ template_filter ] --END-- [ RunTime:0.000056s ]
INFO: Run Behavior\ParseTemplateBehavior [ RunTime:0.001951s ]
INFO: [ view_parse ] --END-- [ RunTime:0.001982s ]
INFO: [ view_filter ] --START--
INFO: Run Behavior\WriteHtmlCacheBehavior [ RunTime:0.000030s ]
INFO: [ view_filter ] --END-- [ RunTime:0.000046s ]
INFO: [ app_end ] --START--
INFO: Run Behavior\ShowPageTraceBehavior [ RunTime:0.000022s ]
INFO: [ app_end ] --END-- [ RunTime:0.000037s ]

[ 2016-05-25T00:23:17+08:00 ] 192.168.56.1 /Home/Article/index
INFO: [ app_init ] --START--
INFO: Run Behavior\BuildLiteBehavior [ RunTime:0.000007s ]
INFO: [ app_init ] --END-- [ RunTime:0.000046s ]
INFO: [ app_begin ] --START--
INFO: Run Behavior\ReadHtmlCacheBehavior [ RunTime:0.000027s ]
INFO: [ app_begin ] --END-- [ RunTime:0.000054s ]
INFO: [ view_parse ] --START--
INFO: [ template_filter ] --START--
INFO: Run Behavior\ContentReplaceBehavior [ RunTime:0.000083s ]
INFO: [ template_filter ] --END-- [ RunTime:0.000116s ]
NOTIC: [8] Undefined variable: isTree /app/site/mark-ubuntu/web/backend.mcgoldfish.com/Application/Runtime/Cache/Home/2ac6c1276904b87404ed678dbabb985c.php 第 44 行.
NOTIC: [8] Undefined variable: isEditor /app/site/mark-ubuntu/web/backend.mcgoldfish.com/Application/Runtime/Cache/Home/2ac6c1276904b87404ed678dbabb985c.php 第 486 行.
NOTIC: [8] Undefined variable: isTree /app/site/mark-ubuntu/web/backend.mcgoldfish.com/Application/Runtime/Cache/Home/2ac6c1276904b87404ed678dbabb985c.php 第 493 行.
INFO: Run Behavior\ParseTemplateBehavior [ RunTime:0.005662s ]
INFO: [ view_parse ] --END-- [ RunTime:0.005686s ]
INFO: [ view_filter ] --START--
INFO: Run Behavior\WriteHtmlCacheBehavior [ RunTime:0.000029s ]
INFO: [ view_filter ] --END-- [ RunTime:0.000045s ]
INFO: [ app_end ] --START--
INFO: Run Behavior\ShowPageTraceBehavior [ RunTime:0.000028s ]
INFO: [ app_end ] --END-- [ RunTime:0.000052s ]

[ 2016-05-25T00:23:17+08:00 ] 192.168.56.1 /Home/Article//Public/media/image/avatar3.jpg
INFO: [ app_init ] --START--
INFO: Run Behavior\BuildLiteBehavior [ RunTime:0.000014s ]
INFO: [ app_init ] --END-- [ RunTime:0.000086s ]

[ 2016-05-25T00:23:17+08:00 ] 192.168.56.1 /Home/Article//Public/media/image/avatar1.jpg
INFO: [ app_init ] --START--
INFO: Run Behavior\BuildLiteBehavior [ RunTime:0.000011s ]
INFO: [ app_init ] --END-- [ RunTime:0.000074s ]

[ 2016-05-25T00:23:17+08:00 ] 192.168.56.1 /Home/Article/QueryData/
INFO: [ app_init ] --START--
INFO: Run Behavior\BuildLiteBehavior [ RunTime:0.000009s ]
INFO: [ app_init ] --END-- [ RunTime:0.000060s ]
INFO: [ app_begin ] --START--
INFO: Run Behavior\ReadHtmlCacheBehavior [ RunTime:0.000020s ]
INFO: [ app_begin ] --END-- [ RunTime:0.000039s ]
SQL: SHOW COLUMNS FROM `article` [ RunTime:0.0009s ]
SQL: SELECT * FROM `article` LIMIT 0,10   [ RunTime:0.0002s ]
SQL: SELECT COUNT(*) AS tp_count FROM `article` LIMIT 1   [ RunTime:0.0001s ]

[ 2016-05-25T00:26:56+08:00 ] 192.168.56.1 /Home/Article/add/
INFO: [ app_init ] --START--
INFO: Run Behavior\BuildLiteBehavior [ RunTime:0.000009s ]
INFO: [ app_init ] --END-- [ RunTime:0.000063s ]
INFO: [ app_begin ] --START--
INFO: Run Behavior\ReadHtmlCacheBehavior [ RunTime:0.000040s ]
INFO: [ app_begin ] --END-- [ RunTime:0.000073s ]
INFO: [ view_parse ] --START--
INFO: [ template_filter ] --START--
INFO: Run Behavior\ContentReplaceBehavior [ RunTime:0.000287s ]
INFO: [ template_filter ] --END-- [ RunTime:0.000446s ]
NOTIC: [8] Undefined variable: isTree /app/site/mark-ubuntu/web/backend.mcgoldfish.com/Application/Runtime/Cache/Home/cbac10250d18d669771419b1564a77f8.php 第 44 行.
NOTIC: [8] Undefined variable: isTree /app/site/mark-ubuntu/web/backend.mcgoldfish.com/Application/Runtime/Cache/Home/cbac10250d18d669771419b1564a77f8.php 第 454 行.
INFO: Run Behavior\ParseTemplateBehavior [ RunTime:0.008466s ]
INFO: [ view_parse ] --END-- [ RunTime:0.008492s ]
INFO: [ view_filter ] --START--
INFO: Run Behavior\WriteHtmlCacheBehavior [ RunTime:0.000036s ]
INFO: [ view_filter ] --END-- [ RunTime:0.000052s ]
INFO: [ app_end ] --START--
INFO: Run Behavior\ShowPageTraceBehavior [ RunTime:0.000028s ]
INFO: [ app_end ] --END-- [ RunTime:0.000046s ]

[ 2016-05-25T00:26:56+08:00 ] 192.168.56.1 /Home/Article/add//Public/media/image/avatar3.jpg
INFO: [ app_init ] --START--
INFO: Run Behavior\BuildLiteBehavior [ RunTime:0.000014s ]
INFO: [ app_init ] --END-- [ RunTime:0.000093s ]

[ 2016-05-25T00:26:56+08:00 ] 192.168.56.1 /Home/Article/add//Public/media/image/avatar1.jpg
INFO: [ app_init ] --START--
INFO: Run Behavior\BuildLiteBehavior [ RunTime:0.000016s ]
INFO: [ app_init ] --END-- [ RunTime:0.000104s ]

[ 2016-05-25T00:46:11+08:00 ] 192.168.56.1 /Home/Article/add/
INFO: [ app_init ] --START--
INFO: Run Behavior\BuildLiteBehavior [ RunTime:0.000010s ]
INFO: [ app_init ] --END-- [ RunTime:0.000118s ]
INFO: [ app_begin ] --START--
INFO: Run Behavior\ReadHtmlCacheBehavior [ RunTime:0.000026s ]
INFO: [ app_begin ] --END-- [ RunTime:0.000047s ]
INFO: [ view_parse ] --START--
INFO: [ template_filter ] --START--
INFO: Run Behavior\ContentReplaceBehavior [ RunTime:0.000058s ]
INFO: [ template_filter ] --END-- [ RunTime:0.000086s ]
NOTIC: [8] Undefined variable: isTree /app/site/mark-ubuntu/web/backend.mcgoldfish.com/Application/Runtime/Cache/Home/cbac10250d18d669771419b1564a77f8.php 第 44 行.
NOTIC: [8] Undefined variable: isTree /app/site/mark-ubuntu/web/backend.mcgoldfish.com/Application/Runtime/Cache/Home/cbac10250d18d669771419b1564a77f8.php 第 475 行.
INFO: Run Behavior\ParseTemplateBehavior [ RunTime:0.005714s ]
INFO: [ view_parse ] --END-- [ RunTime:0.005738s ]
INFO: [ view_filter ] --START--
INFO: Run Behavior\WriteHtmlCacheBehavior [ RunTime:0.000034s ]
INFO: [ view_filter ] --END-- [ RunTime:0.000049s ]
INFO: [ app_end ] --START--
INFO: Run Behavior\ShowPageTraceBehavior [ RunTime:0.000031s ]
INFO: [ app_end ] --END-- [ RunTime:0.000051s ]

[ 2016-05-25T00:46:14+08:00 ] 192.168.56.1 /Home/Article/add//Public/media/image/avatar3.jpg
INFO: [ app_init ] --START--
INFO: Run Behavior\BuildLiteBehavior [ RunTime:0.000016s ]
INFO: [ app_init ] --END-- [ RunTime:0.000105s ]

[ 2016-05-25T00:46:14+08:00 ] 192.168.56.1 /Home/Article/add//Public/media/image/avatar1.jpg
INFO: [ app_init ] --START--
INFO: Run Behavior\BuildLiteBehavior [ RunTime:0.000016s ]
INFO: [ app_init ] --END-- [ RunTime:0.000090s ]

[ 2016-05-25T00:55:09+08:00 ] 192.168.56.1 /Home/Article/add/
INFO: [ app_init ] --START--
INFO: Run Behavior\BuildLiteBehavior [ RunTime:0.000013s ]
INFO: [ app_init ] --END-- [ RunTime:0.000085s ]
INFO: [ app_begin ] --START--
INFO: Run Behavior\ReadHtmlCacheBehavior [ RunTime:0.000056s ]
INFO: [ app_begin ] --END-- [ RunTime:0.000105s ]
INFO: [ view_parse ] --START--
INFO: [ template_filter ] --START--
INFO: Run Behavior\ContentReplaceBehavior [ RunTime:0.000077s ]
INFO: [ template_filter ] --END-- [ RunTime:0.000134s ]
NOTIC: [8] Undefined variable: isTree /app/site/mark-ubuntu/web/backend.mcgoldfish.com/Application/Runtime/Cache/Home/cbac10250d18d669771419b1564a77f8.php 第 44 行.
NOTIC: [8] Undefined variable: isTree /app/site/mark-ubuntu/web/backend.mcgoldfish.com/Application/Runtime/Cache/Home/cbac10250d18d669771419b1564a77f8.php 第 475 行.
INFO: Run Behavior\ParseTemplateBehavior [ RunTime:0.007530s ]
INFO: [ view_parse ] --END-- [ RunTime:0.007568s ]
INFO: [ view_filter ] --START--
INFO: Run Behavior\WriteHtmlCacheBehavior [ RunTime:0.000051s ]
INFO: [ view_filter ] --END-- [ RunTime:0.000069s ]
INFO: [ app_end ] --START--
INFO: Run Behavior\ShowPageTraceBehavior [ RunTime:0.000035s ]
INFO: [ app_end ] --END-- [ RunTime:0.000059s ]

[ 2016-05-25T00:55:10+08:00 ] 192.168.56.1 /Home/Article/add//Public/media/image/avatar3.jpg
INFO: [ app_init ] --START--
INFO: Run Behavior\BuildLiteBehavior [ RunTime:0.000012s ]
INFO: [ app_init ] --END-- [ RunTime:0.000082s ]

[ 2016-05-25T00:55:10+08:00 ] 192.168.56.1 /Home/Article/add//Public/media/image/avatar1.jpg
INFO: [ app_init ] --START--
INFO: Run Behavior\BuildLiteBehavior [ RunTime:0.000009s ]
INFO: [ app_init ] --END-- [ RunTime:0.000059s ]

[ 2016-05-25T00:57:03+08:00 ] 192.168.56.1 /Home/Article/insert.html
INFO: [ app_init ] --START--
INFO: Run Behavior\BuildLiteBehavior [ RunTime:0.000010s ]
INFO: [ app_init ] --END-- [ RunTime:0.000083s ]
INFO: [ app_begin ] --START--
INFO: Run Behavior\ReadHtmlCacheBehavior [ RunTime:0.000038s ]
INFO: [ app_begin ] --END-- [ RunTime:0.000096s ]
SQL: SHOW COLUMNS FROM `article` [ RunTime:0.0015s ]
NOTIC: [8] Undefined index: validate /app/site/mark-ubuntu/web/backend.mcgoldfish.com/ThinkPHP/Library/Think/Model.class.php 第 1185 行.
NOTIC: [8] Undefined index: auto /app/site/mark-ubuntu/web/backend.mcgoldfish.com/ThinkPHP/Library/Think/Model.class.php 第 1128 行.
NOTIC: [2] Attempt to assign property of non-object /app/site/mark-ubuntu/web/backend.mcgoldfish.com/Application/Home/Controller/ArticleController.class.php 第 27 行.
NOTIC: [2] Attempt to assign property of non-object /app/site/mark-ubuntu/web/backend.mcgoldfish.com/Application/Home/Controller/ArticleController.class.php 第 28 行.
NOTIC: [2] Attempt to assign property of non-object /app/site/mark-ubuntu/web/backend.mcgoldfish.com/Application/Home/Controller/ArticleController.class.php 第 29 行.
NOTIC: [2] Attempt to assign property of non-object /app/site/mark-ubuntu/web/backend.mcgoldfish.com/Application/Home/Controller/ArticleController.class.php 第 30 行.
NOTIC: [2] call_user_func() expects parameter 1 to be a valid callback, no array or string given /app/site/mark-ubuntu/web/backend.mcgoldfish.com/ThinkPHP/Library/Think/Upload.class.php 第 170 行.
NOTIC: [8] Undefined index: savename /app/site/mark-ubuntu/web/backend.mcgoldfish.com/Application/Home/Controller/ArticleController.class.php 第 33 行.
NOTIC: [2] Attempt to assign property of non-object /app/site/mark-ubuntu/web/backend.mcgoldfish.com/Application/Home/Controller/ArticleController.class.php 第 33 行.
ERR: 1062:Duplicate entry '第一篇测试文章' for key 'title'
 [ SQL语句 ] : INSERT INTO `article` (`title`,`articlesource`,`content`,`maintainorder`,`pageh1`) VALUES ('第一篇测试文章','原创','&amp;nbsp; &amp;nbsp; &amp;nbsp; &amp;nbsp; $this-&amp;gt;success(&quot;编辑成功&quot;,&quot;/Home/Article/index&quot;);&lt;br /&gt;
&lt;div&gt;
	&lt;br /&gt;
&lt;/div&gt;
&amp;nbsp; &amp;nbsp; &amp;nbsp; &amp;nbsp; $this-&amp;gt;success(&quot;编辑成功&quot;,&quot;/Home/Article/index&quot;);&lt;br /&gt;
&lt;div&gt;
	&lt;br /&gt;
&lt;/div&gt;
&amp;nbsp; &amp;nbsp; &amp;nbsp; &amp;nbsp; $this-&amp;gt;success(&quot;编辑成功&quot;,&quot;/Home/Article/index&quot;);&lt;br /&gt;
&lt;div&gt;
	&lt;br /&gt;
&lt;/div&gt;
&amp;nbsp; &amp;nbsp; &amp;nbsp; &amp;nbsp; $this-&amp;gt;success(&quot;编辑成功&quot;,&quot;/Home/Article/index&quot;);&lt;br /&gt;
&lt;div&gt;
	&lt;br /&gt;
&lt;/div&gt;
&amp;nbsp; &amp;nbsp; &amp;nbsp; &amp;nbsp; $this-&amp;gt;success(&quot;编辑成功&quot;,&quot;/Home/Article/index&quot;);&lt;br /&gt;
&lt;div&gt;
	&lt;br /&gt;
&lt;/div&gt;
&amp;nbsp; &amp;nbsp; &amp;nbsp; &amp;nbsp; $this-&amp;gt;success(&quot;编辑成功&quot;,&quot;/Home/Article/index&quot;);&lt;br /&gt;
&lt;div&gt;
	&lt;br /&gt;
&lt;/div&gt;
&amp;nbsp; &amp;nbsp; &amp;nbsp; &amp;nbsp; $this-&amp;gt;success(&quot;编辑成功&quot;,&quot;/Home/Article/index&quot;);&lt;br /&gt;
&lt;div&gt;
	&lt;br /&gt;
&lt;/div&gt;
&amp;nbsp; &amp;nbsp; &amp;nbsp; &amp;nbsp; $this-&amp;gt;success(&quot;编辑成功&quot;,&quot;/Home/Article/index&quot;);&lt;br /&gt;
&lt;div&gt;
	&lt;br /&gt;
&lt;/div&gt;
&amp;nbsp; &amp;nbsp; &amp;nbsp; &amp;nbsp; $this-&amp;gt;success(&quot;编辑成功&quot;,&quot;/Home/Article/index&quot;);&lt;br /&gt;
&lt;div&gt;
	&lt;br /&gt;
&lt;/div&gt;
&amp;nbsp; &amp;nbsp; &amp;nbsp; &amp;nbsp; $this-&amp;gt;success(&quot;编辑成功&quot;,&quot;/Home/Article/index&quot;);&lt;br /&gt;
&lt;div&gt;
	&lt;br /&gt;
&lt;/div&gt;','11','测试文章')
ERR: 1062:Duplicate entry '第一篇测试文章' for key 'title'
 [ SQL语句 ] : INSERT INTO `article` (`title`,`articlesource`,`content`,`maintainorder`,`pageh1`) VALUES ('第一篇测试文章','原创','&amp;nbsp; &amp;nbsp; &amp;nbsp; &amp;nbsp; $this-&amp;gt;success(&quot;编辑成功&quot;,&quot;/Home/Article/index&quot;);&lt;br /&gt;
&lt;div&gt;
	&lt;br /&gt;
&lt;/div&gt;
&amp;nbsp; &amp;nbsp; &amp;nbsp; &amp;nbsp; $this-&amp;gt;success(&quot;编辑成功&quot;,&quot;/Home/Article/index&quot;);&lt;br /&gt;
&lt;div&gt;
	&lt;br /&gt;
&lt;/div&gt;
&amp;nbsp; &amp;nbsp; &amp;nbsp; &amp;nbsp; $this-&amp;gt;success(&quot;编辑成功&quot;,&quot;/Home/Article/index&quot;);&lt;br /&gt;
&lt;div&gt;
	&lt;br /&gt;
&lt;/div&gt;
&amp;nbsp; &amp;nbsp; &amp;nbsp; &amp;nbsp; $this-&amp;gt;success(&quot;编辑成功&quot;,&quot;/Home/Article/index&quot;);&lt;br /&gt;
&lt;div&gt;
	&lt;br /&gt;
&lt;/div&gt;
&amp;nbsp; &amp;nbsp; &amp;nbsp; &amp;nbsp; $this-&amp;gt;success(&quot;编辑成功&quot;,&quot;/Home/Article/index&quot;);&lt;br /&gt;
&lt;div&gt;
	&lt;br /&gt;
&lt;/div&gt;
&amp;nbsp; &amp;nbsp; &amp;nbsp; &amp;nbsp; $this-&amp;gt;success(&quot;编辑成功&quot;,&quot;/Home/Article/index&quot;);&lt;br /&gt;
&lt;div&gt;
	&lt;br /&gt;
&lt;/div&gt;
&amp;nbsp; &amp;nbsp; &amp;nbsp; &amp;nbsp; $this-&amp;gt;success(&quot;编辑成功&quot;,&quot;/Home/Article/index&quot;);&lt;br /&gt;
&lt;div&gt;
	&lt;br /&gt;
&lt;/div&gt;
&amp;nbsp; &amp;nbsp; &amp;nbsp; &amp;nbsp; $this-&amp;gt;success(&quot;编辑成功&quot;,&quot;/Home/Article/index&quot;);&lt;br /&gt;
&lt;div&gt;
	&lt;br /&gt;
&lt;/div&gt;
&amp;nbsp; &amp;nbsp; &amp;nbsp; &amp;nbsp; $this-&amp;gt;success(&quot;编辑成功&quot;,&quot;/Home/Article/index&quot;);&lt;br /&gt;
&lt;div&gt;
	&lt;br /&gt;
&lt;/div&gt;
&amp;nbsp; &amp;nbsp; &amp;nbsp; &amp;nbsp; $this-&amp;gt;success(&quot;编辑成功&quot;,&quot;/Home/Article/index&quot;);&lt;br /&gt;
&lt;div&gt;
	&lt;br /&gt;
&lt;/div&gt;','11','测试文章')

[ 2016-05-25T00:57:32+08:00 ] 192.168.56.1 /Home/Article/insert.html
INFO: [ app_init ] --START--
INFO: Run Behavior\BuildLiteBehavior [ RunTime:0.000014s ]
INFO: [ app_init ] --END-- [ RunTime:0.000084s ]
INFO: [ app_begin ] --START--
INFO: Run Behavior\ReadHtmlCacheBehavior [ RunTime:0.000034s ]
INFO: [ app_begin ] --END-- [ RunTime:0.000062s ]
SQL: SHOW COLUMNS FROM `article` [ RunTime:0.0009s ]
NOTIC: [8] Undefined index: validate /app/site/mark-ubuntu/web/backend.mcgoldfish.com/ThinkPHP/Library/Think/Model.class.php 第 1185 行.
NOTIC: [8] Undefined index: auto /app/site/mark-ubuntu/web/backend.mcgoldfish.com/ThinkPHP/Library/Think/Model.class.php 第 1128 行.
NOTIC: [2] Attempt to assign property of non-object /app/site/mark-ubuntu/web/backend.mcgoldfish.com/Application/Home/Controller/ArticleController.class.php 第 27 行.
NOTIC: [2] Attempt to assign property of non-object /app/site/mark-ubuntu/web/backend.mcgoldfish.com/Application/Home/Controller/ArticleController.class.php 第 28 行.
NOTIC: [2] Attempt to assign property of non-object /app/site/mark-ubuntu/web/backend.mcgoldfish.com/Application/Home/Controller/ArticleController.class.php 第 29 行.
NOTIC: [2] Attempt to assign property of non-object /app/site/mark-ubuntu/web/backend.mcgoldfish.com/Application/Home/Controller/ArticleController.class.php 第 30 行.
NOTIC: [2] call_user_func() expects parameter 1 to be a valid callback, no array or string given /app/site/mark-ubuntu/web/backend.mcgoldfish.com/ThinkPHP/Library/Think/Upload.class.php 第 170 行.
NOTIC: [8] Undefined index: savename /app/site/mark-ubuntu/web/backend.mcgoldfish.com/Application/Home/Controller/ArticleController.class.php 第 33 行.
NOTIC: [2] Attempt to assign property of non-object /app/site/mark-ubuntu/web/backend.mcgoldfish.com/Application/Home/Controller/ArticleController.class.php 第 33 行.
SQL: INSERT INTO `article` (`title`,`articlesource`,`content`,`maintainorder`,`pageh1`) VALUES ('第一篇测试文章','原创','&amp;nbsp; &amp;nbsp; &amp;nbsp; &amp;nbsp; $this-&amp;gt;success(&quot;编辑成功&quot;,&quot;/Home/Article/index&quot;);&lt;br /&gt;
&lt;div&gt;
	&lt;br /&gt;
&lt;/div&gt;
&amp;nbsp; &amp;nbsp; &amp;nbsp; &amp;nbsp; $this-&amp;gt;success(&quot;编辑成功&quot;,&quot;/Home/Article/index&quot;);&lt;br /&gt;
&lt;div&gt;
	&lt;br /&gt;
&lt;/div&gt;
&amp;nbsp; &amp;nbsp; &amp;nbsp; &amp;nbsp; $this-&amp;gt;success(&quot;编辑成功&quot;,&quot;/Home/Article/index&quot;);&lt;br /&gt;
&lt;div&gt;
	&lt;br /&gt;
&lt;/div&gt;
&amp;nbsp; &amp;nbsp; &amp;nbsp; &amp;nbsp; $this-&amp;gt;success(&quot;编辑成功&quot;,&quot;/Home/Article/index&quot;);&lt;br /&gt;
&lt;div&gt;
	&lt;br /&gt;
&lt;/div&gt;
&amp;nbsp; &amp;nbsp; &amp;nbsp; &amp;nbsp; $this-&amp;gt;success(&quot;编辑成功&quot;,&quot;/Home/Article/index&quot;);&lt;br /&gt;
&lt;div&gt;
	&lt;br /&gt;
&lt;/div&gt;
&amp;nbsp; &amp;nbsp; &amp;nbsp; &amp;nbsp; $this-&amp;gt;success(&quot;编辑成功&quot;,&quot;/Home/Article/index&quot;);&lt;br /&gt;
&lt;div&gt;
	&lt;br /&gt;
&lt;/div&gt;
&amp;nbsp; &amp;nbsp; &amp;nbsp; &amp;nbsp; $this-&amp;gt;success(&quot;编辑成功&quot;,&quot;/Home/Article/index&quot;);&lt;br /&gt;
&lt;div&gt;
	&lt;br /&gt;
&lt;/div&gt;
&amp;nbsp; &amp;nbsp; &amp;nbsp; &amp;nbsp; $this-&amp;gt;success(&quot;编辑成功&quot;,&quot;/Home/Article/index&quot;);&lt;br /&gt;
&lt;div&gt;
	&lt;br /&gt;
&lt;/div&gt;
&amp;nbsp; &amp;nbsp; &amp;nbsp; &amp;nbsp; $this-&amp;gt;success(&quot;编辑成功&quot;,&quot;/Home/Article/index&quot;);&lt;br /&gt;
&lt;div&gt;
	&lt;br /&gt;
&lt;/div&gt;
&amp;nbsp; &amp;nbsp; &amp;nbsp; &amp;nbsp; $this-&amp;gt;success(&quot;编辑成功&quot;,&quot;/Home/Article/index&quot;);&lt;br /&gt;
&lt;div&gt;
	&lt;br /&gt;
&lt;/div&gt;','11','测试文章') [ RunTime:0.0045s ]
SQL: SHOW COLUMNS FROM `rewrite_url` [ RunTime:0.0007s ]
NOTIC: [8] Undefined variable: flag /app/site/mark-ubuntu/web/backend.mcgoldfish.com/Application/Home/Controller/ArticleController.class.php 第 39 行.
NOTIC: [8] Undefined index: validate /app/site/mark-ubuntu/web/backend.mcgoldfish.com/ThinkPHP/Library/Think/Model.class.php 第 1185 行.
NOTIC: [8] Undefined index: auto /app/site/mark-ubuntu/web/backend.mcgoldfish.com/ThinkPHP/Library/Think/Model.class.php 第 1128 行.
SQL: INSERT INTO `rewrite_url` (`status`) VALUES ('yes') [ RunTime:0.0002s ]
SQL: SHOW COLUMNS FROM `page_meta` [ RunTime:0.0005s ]
NOTIC: [8] Undefined index: validate /app/site/mark-ubuntu/web/backend.mcgoldfish.com/ThinkPHP/Library/Think/Model.class.php 第 1185 行.
NOTIC: [8] Undefined index: auto /app/site/mark-ubuntu/web/backend.mcgoldfish.com/ThinkPHP/Library/Think/Model.class.php 第 1128 行.
NOTIC: [2] Attempt to assign property of non-object /app/site/mark-ubuntu/web/backend.mcgoldfish.com/Application/Home/Controller/ArticleController.class.php 第 50 行.
SQL: INSERT INTO `page_meta` (`pagetitle`,`pagekeyword`,`pagedescription`) VALUES ('测试文章测试文章','测试文章,测试文章','测试文章测试文章,测试文章测试文章测试文章测试文章') [ RunTime:0.0021s ]
INFO: [ view_parse ] --START--
INFO: [ template_filter ] --START--
INFO: Run Behavior\ContentReplaceBehavior [ RunTime:0.000024s ]
INFO: [ template_filter ] --END-- [ RunTime:0.000050s ]
INFO: Run Behavior\ParseTemplateBehavior [ RunTime:0.001584s ]
INFO: [ view_parse ] --END-- [ RunTime:0.001614s ]
INFO: [ view_filter ] --START--
INFO: Run Behavior\WriteHtmlCacheBehavior [ RunTime:0.000031s ]
INFO: [ view_filter ] --END-- [ RunTime:0.000046s ]
INFO: [ app_end ] --START--
INFO: Run Behavior\ShowPageTraceBehavior [ RunTime:0.000020s ]
INFO: [ app_end ] --END-- [ RunTime:0.000034s ]

[ 2016-05-25T00:57:33+08:00 ] 192.168.56.1 /Home/Article/index
INFO: [ app_init ] --START--
INFO: Run Behavior\BuildLiteBehavior [ RunTime:0.000025s ]
INFO: [ app_init ] --END-- [ RunTime:0.000121s ]
INFO: [ app_begin ] --START--
INFO: Run Behavior\ReadHtmlCacheBehavior [ RunTime:0.000040s ]
INFO: [ app_begin ] --END-- [ RunTime:0.000076s ]
INFO: [ view_parse ] --START--
INFO: [ template_filter ] --START--
INFO: Run Behavior\ContentReplaceBehavior [ RunTime:0.000063s ]
INFO: [ template_filter ] --END-- [ RunTime:0.000100s ]
NOTIC: [8] Undefined variable: isTree /app/site/mark-ubuntu/web/backend.mcgoldfish.com/Application/Runtime/Cache/Home/2ac6c1276904b87404ed678dbabb985c.php 第 44 行.
NOTIC: [8] Undefined variable: isEditor /app/site/mark-ubuntu/web/backend.mcgoldfish.com/Application/Runtime/Cache/Home/2ac6c1276904b87404ed678dbabb985c.php 第 486 行.
NOTIC: [8] Undefined variable: isTree /app/site/mark-ubuntu/web/backend.mcgoldfish.com/Application/Runtime/Cache/Home/2ac6c1276904b87404ed678dbabb985c.php 第 493 行.
INFO: Run Behavior\ParseTemplateBehavior [ RunTime:0.006473s ]
INFO: [ view_parse ] --END-- [ RunTime:0.006503s ]
INFO: [ view_filter ] --START--
INFO: Run Behavior\WriteHtmlCacheBehavior [ RunTime:0.000031s ]
INFO: [ view_filter ] --END-- [ RunTime:0.000048s ]
INFO: [ app_end ] --START--
INFO: Run Behavior\ShowPageTraceBehavior [ RunTime:0.000029s ]
INFO: [ app_end ] --END-- [ RunTime:0.000050s ]

[ 2016-05-25T00:57:33+08:00 ] 192.168.56.1 /Home/Article//Public/media/image/avatar3.jpg
INFO: [ app_init ] --START--
INFO: Run Behavior\BuildLiteBehavior [ RunTime:0.000012s ]
INFO: [ app_init ] --END-- [ RunTime:0.000076s ]

[ 2016-05-25T00:57:33+08:00 ] 192.168.56.1 /Home/Article//Public/media/image/avatar1.jpg
INFO: [ app_init ] --START--
INFO: Run Behavior\BuildLiteBehavior [ RunTime:0.000019s ]
INFO: [ app_init ] --END-- [ RunTime:0.000113s ]

[ 2016-05-25T00:57:33+08:00 ] 192.168.56.1 /Home/Article/QueryData/
INFO: [ app_init ] --START--
INFO: Run Behavior\BuildLiteBehavior [ RunTime:0.000014s ]
INFO: [ app_init ] --END-- [ RunTime:0.000080s ]
INFO: [ app_begin ] --START--
INFO: Run Behavior\ReadHtmlCacheBehavior [ RunTime:0.000027s ]
INFO: [ app_begin ] --END-- [ RunTime:0.000049s ]
SQL: SHOW COLUMNS FROM `article` [ RunTime:0.0012s ]
SQL: SELECT * FROM `article` LIMIT 0,10   [ RunTime:0.0003s ]
SQL: SELECT COUNT(*) AS tp_count FROM `article` LIMIT 1   [ RunTime:0.0003s ]

[ 2016-05-25T00:59:21+08:00 ] 192.168.56.1 /Home/Article/add/
INFO: [ app_init ] --START--
INFO: Run Behavior\BuildLiteBehavior [ RunTime:0.000009s ]
INFO: [ app_init ] --END-- [ RunTime:0.000060s ]
INFO: [ app_begin ] --START--
INFO: Run Behavior\ReadHtmlCacheBehavior [ RunTime:0.000025s ]
INFO: [ app_begin ] --END-- [ RunTime:0.000045s ]
INFO: [ view_parse ] --START--
INFO: [ template_filter ] --START--
INFO: Run Behavior\ContentReplaceBehavior [ RunTime:0.000061s ]
INFO: [ template_filter ] --END-- [ RunTime:0.000101s ]
NOTIC: [8] Undefined variable: isTree /app/site/mark-ubuntu/web/backend.mcgoldfish.com/Application/Runtime/Cache/Home/cbac10250d18d669771419b1564a77f8.php 第 44 行.
NOTIC: [8] Undefined variable: isTree /app/site/mark-ubuntu/web/backend.mcgoldfish.com/Application/Runtime/Cache/Home/cbac10250d18d669771419b1564a77f8.php 第 475 行.
INFO: Run Behavior\ParseTemplateBehavior [ RunTime:0.006882s ]
INFO: [ view_parse ] --END-- [ RunTime:0.006909s ]
INFO: [ view_filter ] --START--
INFO: Run Behavior\WriteHtmlCacheBehavior [ RunTime:0.000043s ]
INFO: [ view_filter ] --END-- [ RunTime:0.000058s ]
INFO: [ app_end ] --START--
INFO: Run Behavior\ShowPageTraceBehavior [ RunTime:0.000030s ]
INFO: [ app_end ] --END-- [ RunTime:0.000050s ]

[ 2016-05-25T00:59:21+08:00 ] 192.168.56.1 /Home/Article/add//Public/media/image/avatar3.jpg
INFO: [ app_init ] --START--
INFO: Run Behavior\BuildLiteBehavior [ RunTime:0.000085s ]
INFO: [ app_init ] --END-- [ RunTime:0.000196s ]

[ 2016-05-25T00:59:21+08:00 ] 192.168.56.1 /Home/Article/add//Public/media/image/avatar1.jpg
INFO: [ app_init ] --START--
INFO: Run Behavior\BuildLiteBehavior [ RunTime:0.000017s ]
INFO: [ app_init ] --END-- [ RunTime:0.000092s ]

[ 2016-05-25T00:59:47+08:00 ] 192.168.56.1 /Home/Article/insert.html
INFO: [ app_init ] --START--
INFO: Run Behavior\BuildLiteBehavior [ RunTime:0.000011s ]
INFO: [ app_init ] --END-- [ RunTime:0.000138s ]
INFO: [ app_begin ] --START--
INFO: Run Behavior\ReadHtmlCacheBehavior [ RunTime:0.000025s ]
INFO: [ app_begin ] --END-- [ RunTime:0.000046s ]
SQL: SHOW COLUMNS FROM `article` [ RunTime:0.0006s ]
NOTIC: [8] Undefined index: validate /app/site/mark-ubuntu/web/backend.mcgoldfish.com/ThinkPHP/Library/Think/Model.class.php 第 1185 行.
NOTIC: [8] Undefined index: auto /app/site/mark-ubuntu/web/backend.mcgoldfish.com/ThinkPHP/Library/Think/Model.class.php 第 1128 行.
NOTIC: [2] Attempt to assign property of non-object /app/site/mark-ubuntu/web/backend.mcgoldfish.com/Application/Home/Controller/ArticleController.class.php 第 27 行.
NOTIC: [2] Attempt to assign property of non-object /app/site/mark-ubuntu/web/backend.mcgoldfish.com/Application/Home/Controller/ArticleController.class.php 第 28 行.
NOTIC: [2] Attempt to assign property of non-object /app/site/mark-ubuntu/web/backend.mcgoldfish.com/Application/Home/Controller/ArticleController.class.php 第 29 行.
NOTIC: [2] Attempt to assign property of non-object /app/site/mark-ubuntu/web/backend.mcgoldfish.com/Application/Home/Controller/ArticleController.class.php 第 30 行.
NOTIC: [2] call_user_func() expects parameter 1 to be a valid callback, no array or string given /app/site/mark-ubuntu/web/backend.mcgoldfish.com/ThinkPHP/Library/Think/Upload.class.php 第 170 行.
NOTIC: [8] Undefined index: savename /app/site/mark-ubuntu/web/backend.mcgoldfish.com/Application/Home/Controller/ArticleController.class.php 第 33 行.
NOTIC: [2] Attempt to assign property of non-object /app/site/mark-ubuntu/web/backend.mcgoldfish.com/Application/Home/Controller/ArticleController.class.php 第 33 行.
SQL: INSERT INTO `article` (`title`,`articlesource`,`content`,`maintainorder`,`pageh1`) VALUES ('Basic maintain','转载','adfdasdfa测试文章测试文章测试文章测试文章测试文章测试文章测试文章测试文章测试文章','1111','111111') [ RunTime:0.0027s ]
SQL: SHOW COLUMNS FROM `rewrite_url` [ RunTime:0.0009s ]
NOTIC: [8] Undefined variable: flag /app/site/mark-ubuntu/web/backend.mcgoldfish.com/Application/Home/Controller/ArticleController.class.php 第 39 行.
NOTIC: [8] Undefined index: validate /app/site/mark-ubuntu/web/backend.mcgoldfish.com/ThinkPHP/Library/Think/Model.class.php 第 1185 行.
NOTIC: [8] Undefined index: auto /app/site/mark-ubuntu/web/backend.mcgoldfish.com/ThinkPHP/Library/Think/Model.class.php 第 1128 行.
SQL: INSERT INTO `rewrite_url` (`status`) VALUES ('yes') [ RunTime:0.0002s ]
SQL: SHOW COLUMNS FROM `page_meta` [ RunTime:0.0005s ]
NOTIC: [8] Undefined index: validate /app/site/mark-ubuntu/web/backend.mcgoldfish.com/ThinkPHP/Library/Think/Model.class.php 第 1185 行.
NOTIC: [8] Undefined index: auto /app/site/mark-ubuntu/web/backend.mcgoldfish.com/ThinkPHP/Library/Think/Model.class.php 第 1128 行.
NOTIC: [2] Attempt to assign property of non-object /app/site/mark-ubuntu/web/backend.mcgoldfish.com/Application/Home/Controller/ArticleController.class.php 第 50 行.
SQL: INSERT INTO `page_meta` (`pagetitle`,`pagekeyword`,`pagedescription`) VALUES ('测试文章测试文章','测试文章,测试文章','dsfasdfasdfasd') [ RunTime:0.0020s ]
INFO: [ view_parse ] --START--
INFO: [ template_filter ] --START--
INFO: Run Behavior\ContentReplaceBehavior [ RunTime:0.000156s ]
INFO: [ template_filter ] --END-- [ RunTime:0.000280s ]
INFO: Run Behavior\ParseTemplateBehavior [ RunTime:0.002274s ]
INFO: [ view_parse ] --END-- [ RunTime:0.002314s ]
INFO: [ view_filter ] --START--
INFO: Run Behavior\WriteHtmlCacheBehavior [ RunTime:0.000035s ]
INFO: [ view_filter ] --END-- [ RunTime:0.000051s ]
INFO: [ app_end ] --START--
INFO: Run Behavior\ShowPageTraceBehavior [ RunTime:0.000022s ]
INFO: [ app_end ] --END-- [ RunTime:0.000037s ]

[ 2016-05-25T00:59:48+08:00 ] 192.168.56.1 /Home/Article/index
INFO: [ app_init ] --START--
INFO: Run Behavior\BuildLiteBehavior [ RunTime:0.000008s ]
INFO: [ app_init ] --END-- [ RunTime:0.000054s ]
INFO: [ app_begin ] --START--
INFO: Run Behavior\ReadHtmlCacheBehavior [ RunTime:0.000020s ]
INFO: [ app_begin ] --END-- [ RunTime:0.000041s ]
INFO: [ view_parse ] --START--
INFO: [ template_filter ] --START--
INFO: Run Behavior\ContentReplaceBehavior [ RunTime:0.000099s ]
INFO: [ template_filter ] --END-- [ RunTime:0.000168s ]
NOTIC: [8] Undefined variable: isTree /app/site/mark-ubuntu/web/backend.mcgoldfish.com/Application/Runtime/Cache/Home/2ac6c1276904b87404ed678dbabb985c.php 第 44 行.
NOTIC: [8] Undefined variable: isEditor /app/site/mark-ubuntu/web/backend.mcgoldfish.com/Application/Runtime/Cache/Home/2ac6c1276904b87404ed678dbabb985c.php 第 486 行.
NOTIC: [8] Undefined variable: isTree /app/site/mark-ubuntu/web/backend.mcgoldfish.com/Application/Runtime/Cache/Home/2ac6c1276904b87404ed678dbabb985c.php 第 493 行.
INFO: Run Behavior\ParseTemplateBehavior [ RunTime:0.007176s ]
INFO: [ view_parse ] --END-- [ RunTime:0.007204s ]
INFO: [ view_filter ] --START--
INFO: Run Behavior\WriteHtmlCacheBehavior [ RunTime:0.000180s ]
INFO: [ view_filter ] --END-- [ RunTime:0.000233s ]
INFO: [ app_end ] --START--
INFO: Run Behavior\ShowPageTraceBehavior [ RunTime:0.000171s ]
INFO: [ app_end ] --END-- [ RunTime:0.000344s ]

[ 2016-05-25T00:59:48+08:00 ] 192.168.56.1 /Home/Article//Public/media/image/avatar3.jpg
INFO: [ app_init ] --START--
INFO: Run Behavior\BuildLiteBehavior [ RunTime:0.000016s ]
INFO: [ app_init ] --END-- [ RunTime:0.000094s ]

[ 2016-05-25T00:59:48+08:00 ] 192.168.56.1 /Home/Article//Public/media/image/avatar1.jpg
INFO: [ app_init ] --START--
INFO: Run Behavior\BuildLiteBehavior [ RunTime:0.000011s ]
INFO: [ app_init ] --END-- [ RunTime:0.000069s ]

[ 2016-05-25T00:59:48+08:00 ] 192.168.56.1 /Home/Article/QueryData/
INFO: [ app_init ] --START--
INFO: Run Behavior\BuildLiteBehavior [ RunTime:0.000009s ]
INFO: [ app_init ] --END-- [ RunTime:0.000056s ]
INFO: [ app_begin ] --START--
INFO: Run Behavior\ReadHtmlCacheBehavior [ RunTime:0.000021s ]
INFO: [ app_begin ] --END-- [ RunTime:0.000040s ]
SQL: SHOW COLUMNS FROM `article` [ RunTime:0.0011s ]
SQL: SELECT * FROM `article` LIMIT 0,10   [ RunTime:0.0002s ]
SQL: SELECT COUNT(*) AS tp_count FROM `article` LIMIT 1   [ RunTime:0.0002s ]

