[ 2016-05-23T20:17:29+08:00 ] 192.168.56.1 /
INFO: [ app_init ] --START--
INFO: Run Behavior\BuildLiteBehavior [ RunTime:0.000013s ]
INFO: [ app_init ] --END-- [ RunTime:0.000721s ]
INFO: [ app_begin ] --START--
INFO: Run Behavior\ReadHtmlCacheBehavior [ RunTime:0.000755s ]
INFO: [ app_begin ] --END-- [ RunTime:0.000799s ]
INFO: [ view_parse ] --START--
INFO: [ template_filter ] --START--
INFO: Run Behavior\ContentReplaceBehavior [ RunTime:0.000649s ]
INFO: [ template_filter ] --END-- [ RunTime:0.000694s ]
NOTIC: [8] Undefined variable: isTree /app/site/mark-ubuntu/web/backend.mcgoldfish.com/Application/Runtime/Cache/Home/2a94b8bda04ff446dcedd42276fc99ee.php 第 44 行.
NOTIC: [8] Undefined variable: blockName /app/site/mark-ubuntu/web/backend.mcgoldfish.com/Application/Runtime/Cache/Home/2a94b8bda04ff446dcedd42276fc99ee.php 第 320 行.
NOTIC: [8] Undefined variable: isEditor /app/site/mark-ubuntu/web/backend.mcgoldfish.com/Application/Runtime/Cache/Home/2a94b8bda04ff446dcedd42276fc99ee.php 第 373 行.
NOTIC: [8] Undefined variable: isTree /app/site/mark-ubuntu/web/backend.mcgoldfish.com/Application/Runtime/Cache/Home/2a94b8bda04ff446dcedd42276fc99ee.php 第 380 行.
INFO: Run Behavior\ParseTemplateBehavior [ RunTime:0.013254s ]
INFO: [ view_parse ] --END-- [ RunTime:0.013284s ]
INFO: [ view_filter ] --START--
INFO: Run Behavior\WriteHtmlCacheBehavior [ RunTime:0.000691s ]
INFO: [ view_filter ] --END-- [ RunTime:0.000725s ]
INFO: [ app_end ] --START--
INFO: Run Behavior\ShowPageTraceBehavior [ RunTime:0.001104s ]
INFO: [ app_end ] --END-- [ RunTime:0.001141s ]

[ 2016-05-23T20:17:33+08:00 ] 192.168.56.1 /Home/Category/index.html
INFO: [ app_init ] --START--
INFO: Run Behavior\BuildLiteBehavior [ RunTime:0.000008s ]
INFO: [ app_init ] --END-- [ RunTime:0.000056s ]
INFO: [ app_begin ] --START--
INFO: Run Behavior\ReadHtmlCacheBehavior [ RunTime:0.000038s ]
INFO: [ app_begin ] --END-- [ RunTime:0.000086s ]
INFO: [ view_parse ] --START--
INFO: [ template_filter ] --START--
INFO: Run Behavior\ContentReplaceBehavior [ RunTime:0.000062s ]
INFO: [ template_filter ] --END-- [ RunTime:0.000096s ]
NOTIC: [8] Undefined variable: isTree /app/site/mark-ubuntu/web/backend.mcgoldfish.com/Application/Runtime/Cache/Home/fd93d816414af0ade2156438a8d6b092.php 第 44 行.
NOTIC: [8] Undefined variable: isEditor /app/site/mark-ubuntu/web/backend.mcgoldfish.com/Application/Runtime/Cache/Home/fd93d816414af0ade2156438a8d6b092.php 第 477 行.
NOTIC: [8] Undefined variable: isTree /app/site/mark-ubuntu/web/backend.mcgoldfish.com/Application/Runtime/Cache/Home/fd93d816414af0ade2156438a8d6b092.php 第 484 行.
INFO: Run Behavior\ParseTemplateBehavior [ RunTime:0.006343s ]
INFO: [ view_parse ] --END-- [ RunTime:0.006373s ]
INFO: [ view_filter ] --START--
INFO: Run Behavior\WriteHtmlCacheBehavior [ RunTime:0.000032s ]
INFO: [ view_filter ] --END-- [ RunTime:0.000049s ]
INFO: [ app_end ] --START--
INFO: Run Behavior\ShowPageTraceBehavior [ RunTime:0.000026s ]
INFO: [ app_end ] --END-- [ RunTime:0.000044s ]

[ 2016-05-23T20:17:33+08:00 ] 192.168.56.1 /Home/Category//Public/media/image/avatar3.jpg
INFO: [ app_init ] --START--
INFO: Run Behavior\BuildLiteBehavior [ RunTime:0.000013s ]
INFO: [ app_init ] --END-- [ RunTime:0.000085s ]

[ 2016-05-23T20:17:33+08:00 ] 192.168.56.1 /Home/Category//Public/media/image/avatar1.jpg
INFO: [ app_init ] --START--
INFO: Run Behavior\BuildLiteBehavior [ RunTime:0.000013s ]
INFO: [ app_init ] --END-- [ RunTime:0.000072s ]

[ 2016-05-23T20:17:33+08:00 ] 192.168.56.1 /Home/Category/QueryData/
INFO: [ app_init ] --START--
INFO: Run Behavior\BuildLiteBehavior [ RunTime:0.000012s ]
INFO: [ app_init ] --END-- [ RunTime:0.000066s ]
INFO: [ app_begin ] --START--
INFO: Run Behavior\ReadHtmlCacheBehavior [ RunTime:0.000046s ]
INFO: [ app_begin ] --END-- [ RunTime:0.000171s ]
SQL: SHOW COLUMNS FROM `category` [ RunTime:0.0004s ]
SQL: SELECT * FROM `category` LIMIT 0,10   [ RunTime:0.0002s ]
SQL: SELECT COUNT(*) AS tp_count FROM `category` LIMIT 1   [ RunTime:0.0002s ]

[ 2016-05-23T20:34:33+08:00 ] 192.168.56.1 /
INFO: [ app_init ] --START--
INFO: Run Behavior\BuildLiteBehavior [ RunTime:0.000010s ]
INFO: [ app_init ] --END-- [ RunTime:0.000064s ]
INFO: [ app_begin ] --START--
INFO: Run Behavior\ReadHtmlCacheBehavior [ RunTime:0.000026s ]
INFO: [ app_begin ] --END-- [ RunTime:0.000047s ]
INFO: [ view_parse ] --START--
INFO: [ template_filter ] --START--
INFO: Run Behavior\ContentReplaceBehavior [ RunTime:0.000071s ]
INFO: [ template_filter ] --END-- [ RunTime:0.000115s ]
NOTIC: [8] Undefined variable: isTree /app/site/mark-ubuntu/web/backend.mcgoldfish.com/Application/Runtime/Cache/Home/2a94b8bda04ff446dcedd42276fc99ee.php 第 44 行.
NOTIC: [8] Undefined variable: blockName /app/site/mark-ubuntu/web/backend.mcgoldfish.com/Application/Runtime/Cache/Home/2a94b8bda04ff446dcedd42276fc99ee.php 第 320 行.
NOTIC: [8] Undefined variable: isEditor /app/site/mark-ubuntu/web/backend.mcgoldfish.com/Application/Runtime/Cache/Home/2a94b8bda04ff446dcedd42276fc99ee.php 第 373 行.
NOTIC: [8] Undefined variable: isTree /app/site/mark-ubuntu/web/backend.mcgoldfish.com/Application/Runtime/Cache/Home/2a94b8bda04ff446dcedd42276fc99ee.php 第 380 行.
INFO: Run Behavior\ParseTemplateBehavior [ RunTime:0.006262s ]
INFO: [ view_parse ] --END-- [ RunTime:0.006285s ]
INFO: [ view_filter ] --START--
INFO: Run Behavior\WriteHtmlCacheBehavior [ RunTime:0.000039s ]
INFO: [ view_filter ] --END-- [ RunTime:0.000056s ]
INFO: [ app_end ] --START--
INFO: Run Behavior\ShowPageTraceBehavior [ RunTime:0.000034s ]
INFO: [ app_end ] --END-- [ RunTime:0.000055s ]

[ 2016-05-23T21:32:04+08:00 ] 192.168.56.1 /Home/Category/index.html
INFO: [ app_init ] --START--
INFO: Run Behavior\BuildLiteBehavior [ RunTime:0.000008s ]
INFO: [ app_init ] --END-- [ RunTime:0.000055s ]
INFO: [ app_begin ] --START--
INFO: Run Behavior\ReadHtmlCacheBehavior [ RunTime:0.000025s ]
INFO: [ app_begin ] --END-- [ RunTime:0.000047s ]
INFO: [ view_parse ] --START--
INFO: [ template_filter ] --START--
INFO: Run Behavior\ContentReplaceBehavior [ RunTime:0.000061s ]
INFO: [ template_filter ] --END-- [ RunTime:0.000099s ]
NOTIC: [8] Undefined variable: isTree /app/site/mark-ubuntu/web/backend.mcgoldfish.com/Application/Runtime/Cache/Home/fd93d816414af0ade2156438a8d6b092.php 第 44 行.
NOTIC: [8] Undefined variable: isEditor /app/site/mark-ubuntu/web/backend.mcgoldfish.com/Application/Runtime/Cache/Home/fd93d816414af0ade2156438a8d6b092.php 第 477 行.
NOTIC: [8] Undefined variable: isTree /app/site/mark-ubuntu/web/backend.mcgoldfish.com/Application/Runtime/Cache/Home/fd93d816414af0ade2156438a8d6b092.php 第 484 行.
INFO: Run Behavior\ParseTemplateBehavior [ RunTime:0.006585s ]
INFO: [ view_parse ] --END-- [ RunTime:0.006611s ]
INFO: [ view_filter ] --START--
INFO: Run Behavior\WriteHtmlCacheBehavior [ RunTime:0.000035s ]
INFO: [ view_filter ] --END-- [ RunTime:0.000051s ]
INFO: [ app_end ] --START--
INFO: Run Behavior\ShowPageTraceBehavior [ RunTime:0.000039s ]
INFO: [ app_end ] --END-- [ RunTime:0.000061s ]

[ 2016-05-23T21:32:05+08:00 ] 192.168.56.1 /Home/Category//Public/media/image/avatar1.jpg
INFO: [ app_init ] --START--
INFO: Run Behavior\BuildLiteBehavior [ RunTime:0.000015s ]
INFO: [ app_init ] --END-- [ RunTime:0.000106s ]

[ 2016-05-23T21:32:05+08:00 ] 192.168.56.1 /Home/Category//Public/media/image/avatar3.jpg
INFO: [ app_init ] --START--
INFO: Run Behavior\BuildLiteBehavior [ RunTime:0.000014s ]
INFO: [ app_init ] --END-- [ RunTime:0.000086s ]

[ 2016-05-23T21:32:05+08:00 ] 192.168.56.1 /Home/Category/QueryData/
INFO: [ app_init ] --START--
INFO: Run Behavior\BuildLiteBehavior [ RunTime:0.000013s ]
INFO: [ app_init ] --END-- [ RunTime:0.000092s ]
INFO: [ app_begin ] --START--
INFO: Run Behavior\ReadHtmlCacheBehavior [ RunTime:0.000036s ]
INFO: [ app_begin ] --END-- [ RunTime:0.000069s ]
SQL: SHOW COLUMNS FROM `category` [ RunTime:0.0005s ]
SQL: SELECT * FROM `category` LIMIT 0,10   [ RunTime:0.0002s ]
SQL: SELECT COUNT(*) AS tp_count FROM `category` LIMIT 1   [ RunTime:0.0001s ]

[ 2016-05-23T21:32:17+08:00 ] 192.168.56.1 /Home/Category/edit/id/9999
INFO: [ app_init ] --START--
INFO: Run Behavior\BuildLiteBehavior [ RunTime:0.000012s ]
INFO: [ app_init ] --END-- [ RunTime:0.000074s ]
INFO: [ app_begin ] --START--
INFO: Run Behavior\ReadHtmlCacheBehavior [ RunTime:0.000152s ]
INFO: [ app_begin ] --END-- [ RunTime:0.000187s ]
SQL: SHOW COLUMNS FROM `category` [ RunTime:0.0003s ]
SQL: select * from category where id = 9999 [ RunTime:0.0001s ]
INFO: [ view_parse ] --START--
INFO: [ template_filter ] --START--
INFO: Run Behavior\ContentReplaceBehavior [ RunTime:0.000077s ]
INFO: [ template_filter ] --END-- [ RunTime:0.000111s ]
NOTIC: [8] Undefined variable: isTree /app/site/mark-ubuntu/web/backend.mcgoldfish.com/Application/Runtime/Cache/Home/53f4f93011af932a2a1f54e3aee5be73.php 第 44 行.
NOTIC: [8] Undefined variable: blockName /app/site/mark-ubuntu/web/backend.mcgoldfish.com/Application/Runtime/Cache/Home/53f4f93011af932a2a1f54e3aee5be73.php 第 320 行.
NOTIC: [8] Undefined variable: isEditor /app/site/mark-ubuntu/web/backend.mcgoldfish.com/Application/Runtime/Cache/Home/53f4f93011af932a2a1f54e3aee5be73.php 第 431 行.
NOTIC: [8] Undefined variable: isTree /app/site/mark-ubuntu/web/backend.mcgoldfish.com/Application/Runtime/Cache/Home/53f4f93011af932a2a1f54e3aee5be73.php 第 438 行.
INFO: Run Behavior\ParseTemplateBehavior [ RunTime:0.007946s ]
INFO: [ view_parse ] --END-- [ RunTime:0.007972s ]
INFO: [ view_filter ] --START--
INFO: Run Behavior\WriteHtmlCacheBehavior [ RunTime:0.000032s ]
INFO: [ view_filter ] --END-- [ RunTime:0.000047s ]
INFO: [ app_end ] --START--
INFO: Run Behavior\ShowPageTraceBehavior [ RunTime:0.000412s ]
INFO: [ app_end ] --END-- [ RunTime:0.000437s ]

[ 2016-05-23T21:32:17+08:00 ] 192.168.56.1 /Home/Category/edit/id//Public/media/image/avatar3.jpg
INFO: [ app_init ] --START--
INFO: Run Behavior\BuildLiteBehavior [ RunTime:0.000023s ]
INFO: [ app_init ] --END-- [ RunTime:0.000106s ]

[ 2016-05-23T21:32:17+08:00 ] 192.168.56.1 /Home/Category/edit/id//Public/media/image/avatar1.jpg
INFO: [ app_init ] --START--
INFO: Run Behavior\BuildLiteBehavior [ RunTime:0.000014s ]
INFO: [ app_init ] --END-- [ RunTime:0.000181s ]

[ 2016-05-23T21:32:19+08:00 ] 192.168.56.1 /Home/Article/index.html
INFO: [ app_init ] --START--
INFO: Run Behavior\BuildLiteBehavior [ RunTime:0.000007s ]
INFO: [ app_init ] --END-- [ RunTime:0.000049s ]
INFO: [ app_begin ] --START--
INFO: Run Behavior\ReadHtmlCacheBehavior [ RunTime:0.000019s ]
INFO: [ app_begin ] --END-- [ RunTime:0.000040s ]
INFO: [ view_parse ] --START--
INFO: [ template_filter ] --START--
INFO: Run Behavior\ContentReplaceBehavior [ RunTime:0.000062s ]
INFO: [ template_filter ] --END-- [ RunTime:0.000100s ]
NOTIC: [8] Undefined variable: isTree /app/site/mark-ubuntu/web/backend.mcgoldfish.com/Application/Runtime/Cache/Home/2ac6c1276904b87404ed678dbabb985c.php 第 44 行.
NOTIC: [8] Undefined variable: isEditor /app/site/mark-ubuntu/web/backend.mcgoldfish.com/Application/Runtime/Cache/Home/2ac6c1276904b87404ed678dbabb985c.php 第 486 行.
NOTIC: [8] Undefined variable: isTree /app/site/mark-ubuntu/web/backend.mcgoldfish.com/Application/Runtime/Cache/Home/2ac6c1276904b87404ed678dbabb985c.php 第 493 行.
INFO: Run Behavior\ParseTemplateBehavior [ RunTime:0.007094s ]
INFO: [ view_parse ] --END-- [ RunTime:0.007129s ]
INFO: [ view_filter ] --START--
INFO: Run Behavior\WriteHtmlCacheBehavior [ RunTime:0.000029s ]
INFO: [ view_filter ] --END-- [ RunTime:0.000045s ]
INFO: [ app_end ] --START--
INFO: Run Behavior\ShowPageTraceBehavior [ RunTime:0.000023s ]
INFO: [ app_end ] --END-- [ RunTime:0.000042s ]

[ 2016-05-23T21:32:19+08:00 ] 192.168.56.1 /Home/Article//Public/media/image/avatar3.jpg
INFO: [ app_init ] --START--
INFO: Run Behavior\BuildLiteBehavior [ RunTime:0.000013s ]
INFO: [ app_init ] --END-- [ RunTime:0.000085s ]

[ 2016-05-23T21:32:19+08:00 ] 192.168.56.1 /Home/Article//Public/media/image/avatar1.jpg
INFO: [ app_init ] --START--
INFO: Run Behavior\BuildLiteBehavior [ RunTime:0.000014s ]
INFO: [ app_init ] --END-- [ RunTime:0.000086s ]

[ 2016-05-23T21:32:19+08:00 ] 192.168.56.1 /Home/Article/QueryData/
INFO: [ app_init ] --START--
INFO: Run Behavior\BuildLiteBehavior [ RunTime:0.000014s ]
INFO: [ app_init ] --END-- [ RunTime:0.000117s ]
INFO: [ app_begin ] --START--
INFO: Run Behavior\ReadHtmlCacheBehavior [ RunTime:0.000027s ]
INFO: [ app_begin ] --END-- [ RunTime:0.000050s ]
SQL: SHOW COLUMNS FROM `article` [ RunTime:0.0004s ]
SQL: SELECT * FROM `article` LIMIT 0,10   [ RunTime:0.0002s ]
SQL: SELECT COUNT(*) AS tp_count FROM `article` LIMIT 1   [ RunTime:0.0001s ]

[ 2016-05-23T21:32:29+08:00 ] 192.168.56.1 /Home/Category/index.html
INFO: [ app_init ] --START--
INFO: Run Behavior\BuildLiteBehavior [ RunTime:0.000007s ]
INFO: [ app_init ] --END-- [ RunTime:0.000049s ]
INFO: [ app_begin ] --START--
INFO: Run Behavior\ReadHtmlCacheBehavior [ RunTime:0.000021s ]
INFO: [ app_begin ] --END-- [ RunTime:0.000041s ]
INFO: [ view_parse ] --START--
INFO: [ template_filter ] --START--
INFO: Run Behavior\ContentReplaceBehavior [ RunTime:0.000093s ]
INFO: [ template_filter ] --END-- [ RunTime:0.000152s ]
NOTIC: [8] Undefined variable: isTree /app/site/mark-ubuntu/web/backend.mcgoldfish.com/Application/Runtime/Cache/Home/fd93d816414af0ade2156438a8d6b092.php 第 44 行.
NOTIC: [8] Undefined variable: isEditor /app/site/mark-ubuntu/web/backend.mcgoldfish.com/Application/Runtime/Cache/Home/fd93d816414af0ade2156438a8d6b092.php 第 477 行.
NOTIC: [8] Undefined variable: isTree /app/site/mark-ubuntu/web/backend.mcgoldfish.com/Application/Runtime/Cache/Home/fd93d816414af0ade2156438a8d6b092.php 第 484 行.
INFO: Run Behavior\ParseTemplateBehavior [ RunTime:0.006465s ]
INFO: [ view_parse ] --END-- [ RunTime:0.006489s ]
INFO: [ view_filter ] --START--
INFO: Run Behavior\WriteHtmlCacheBehavior [ RunTime:0.000063s ]
INFO: [ view_filter ] --END-- [ RunTime:0.000081s ]
INFO: [ app_end ] --START--
INFO: Run Behavior\ShowPageTraceBehavior [ RunTime:0.000027s ]
INFO: [ app_end ] --END-- [ RunTime:0.000046s ]

[ 2016-05-23T21:32:29+08:00 ] 192.168.56.1 /Home/Category//Public/media/image/avatar3.jpg
INFO: [ app_init ] --START--
INFO: Run Behavior\BuildLiteBehavior [ RunTime:0.000014s ]
INFO: [ app_init ] --END-- [ RunTime:0.000083s ]

[ 2016-05-23T21:32:29+08:00 ] 192.168.56.1 /Home/Category//Public/media/image/avatar1.jpg
INFO: [ app_init ] --START--
INFO: Run Behavior\BuildLiteBehavior [ RunTime:0.000015s ]
INFO: [ app_init ] --END-- [ RunTime:0.000086s ]

[ 2016-05-23T21:32:29+08:00 ] 192.168.56.1 /Home/Category/QueryData/
INFO: [ app_init ] --START--
INFO: Run Behavior\BuildLiteBehavior [ RunTime:0.000008s ]
INFO: [ app_init ] --END-- [ RunTime:0.000051s ]
INFO: [ app_begin ] --START--
INFO: Run Behavior\ReadHtmlCacheBehavior [ RunTime:0.000021s ]
INFO: [ app_begin ] --END-- [ RunTime:0.000039s ]
SQL: SHOW COLUMNS FROM `category` [ RunTime:0.0005s ]
SQL: SELECT * FROM `category` LIMIT 0,10   [ RunTime:0.0002s ]
SQL: SELECT COUNT(*) AS tp_count FROM `category` LIMIT 1   [ RunTime:0.0001s ]

[ 2016-05-23T21:32:35+08:00 ] 192.168.56.1 /Home/Url/index.html
INFO: [ app_init ] --START--
INFO: Run Behavior\BuildLiteBehavior [ RunTime:0.000007s ]
INFO: [ app_init ] --END-- [ RunTime:0.000049s ]
INFO: [ app_begin ] --START--
INFO: Run Behavior\ReadHtmlCacheBehavior [ RunTime:0.000022s ]
INFO: [ app_begin ] --END-- [ RunTime:0.000041s ]
INFO: [ view_parse ] --START--
INFO: [ template_filter ] --START--
INFO: Run Behavior\ContentReplaceBehavior [ RunTime:0.000136s ]
INFO: [ template_filter ] --END-- [ RunTime:0.000179s ]
NOTIC: [8] Undefined variable: isTree /app/site/mark-ubuntu/web/backend.mcgoldfish.com/Application/Runtime/Cache/Home/4c5d0ede7b08c833b0b4338743b526da.php 第 44 行.
NOTIC: [8] Undefined variable: isEditor /app/site/mark-ubuntu/web/backend.mcgoldfish.com/Application/Runtime/Cache/Home/4c5d0ede7b08c833b0b4338743b526da.php 第 486 行.
NOTIC: [8] Undefined variable: isTree /app/site/mark-ubuntu/web/backend.mcgoldfish.com/Application/Runtime/Cache/Home/4c5d0ede7b08c833b0b4338743b526da.php 第 493 行.
INFO: Run Behavior\ParseTemplateBehavior [ RunTime:0.006849s ]
INFO: [ view_parse ] --END-- [ RunTime:0.006881s ]
INFO: [ view_filter ] --START--
INFO: Run Behavior\WriteHtmlCacheBehavior [ RunTime:0.000033s ]
INFO: [ view_filter ] --END-- [ RunTime:0.000049s ]
INFO: [ app_end ] --START--
INFO: Run Behavior\ShowPageTraceBehavior [ RunTime:0.000026s ]
INFO: [ app_end ] --END-- [ RunTime:0.000045s ]

[ 2016-05-23T21:32:35+08:00 ] 192.168.56.1 /Home/Url//Public/media/image/avatar3.jpg
INFO: [ app_init ] --START--
INFO: Run Behavior\BuildLiteBehavior [ RunTime:0.000016s ]
INFO: [ app_init ] --END-- [ RunTime:0.000499s ]

[ 2016-05-23T21:32:35+08:00 ] 192.168.56.1 /Home/Url//Public/media/image/avatar1.jpg
INFO: [ app_init ] --START--
INFO: Run Behavior\BuildLiteBehavior [ RunTime:0.000011s ]
INFO: [ app_init ] --END-- [ RunTime:0.000068s ]

[ 2016-05-23T21:32:35+08:00 ] 192.168.56.1 /Home/Url/QueryData/
INFO: [ app_init ] --START--
INFO: Run Behavior\BuildLiteBehavior [ RunTime:0.000009s ]
INFO: [ app_init ] --END-- [ RunTime:0.000053s ]
INFO: [ app_begin ] --START--
INFO: Run Behavior\ReadHtmlCacheBehavior [ RunTime:0.000052s ]
INFO: [ app_begin ] --END-- [ RunTime:0.000094s ]
SQL: SHOW COLUMNS FROM `rewrite_url` [ RunTime:0.0008s ]
SQL: SELECT * FROM `rewrite_url` LIMIT 0,10   [ RunTime:0.0001s ]
SQL: SELECT COUNT(*) AS tp_count FROM `rewrite_url` LIMIT 1   [ RunTime:0.0001s ]

[ 2016-05-23T21:32:41+08:00 ] 192.168.56.1 /Home/Url/delete/id/221331
INFO: [ app_init ] --START--
INFO: Run Behavior\BuildLiteBehavior [ RunTime:0.000007s ]
INFO: [ app_init ] --END-- [ RunTime:0.000048s ]
INFO: [ app_begin ] --START--
INFO: Run Behavior\ReadHtmlCacheBehavior [ RunTime:0.000020s ]
INFO: [ app_begin ] --END-- [ RunTime:0.000040s ]
ERR: 1146:Table 'chukui_base.url' doesn't exist
 [ SQL语句 ] : SHOW COLUMNS FROM `url`
ERR: 1146:Table 'chukui_base.url' doesn't exist
 [ SQL语句 ] : SHOW COLUMNS FROM `url`

[ 2016-05-23T21:32:44+08:00 ] 192.168.56.1 /Home/Url/QueryData/
INFO: [ app_init ] --START--
INFO: Run Behavior\BuildLiteBehavior [ RunTime:0.000014s ]
INFO: [ app_init ] --END-- [ RunTime:0.000115s ]
INFO: [ app_begin ] --START--
INFO: Run Behavior\ReadHtmlCacheBehavior [ RunTime:0.000027s ]
INFO: [ app_begin ] --END-- [ RunTime:0.000047s ]
SQL: SHOW COLUMNS FROM `rewrite_url` [ RunTime:0.0014s ]
SQL: SELECT * FROM `rewrite_url` LIMIT 0,10   [ RunTime:0.0003s ]
SQL: SELECT COUNT(*) AS tp_count FROM `rewrite_url` LIMIT 1   [ RunTime:0.0001s ]

[ 2016-05-23T21:34:42+08:00 ] 192.168.56.1 /Home/Category/index.html
INFO: [ app_init ] --START--
INFO: Run Behavior\BuildLiteBehavior [ RunTime:0.000007s ]
INFO: [ app_init ] --END-- [ RunTime:0.000050s ]
INFO: [ app_begin ] --START--
INFO: Run Behavior\ReadHtmlCacheBehavior [ RunTime:0.000021s ]
INFO: [ app_begin ] --END-- [ RunTime:0.000041s ]
INFO: [ view_parse ] --START--
INFO: [ template_filter ] --START--
INFO: Run Behavior\ContentReplaceBehavior [ RunTime:0.000063s ]
INFO: [ template_filter ] --END-- [ RunTime:0.000097s ]
NOTIC: [8] Undefined variable: isTree /app/site/mark-ubuntu/web/backend.mcgoldfish.com/Application/Runtime/Cache/Home/fd93d816414af0ade2156438a8d6b092.php 第 44 行.
NOTIC: [8] Undefined variable: isEditor /app/site/mark-ubuntu/web/backend.mcgoldfish.com/Application/Runtime/Cache/Home/fd93d816414af0ade2156438a8d6b092.php 第 477 行.
NOTIC: [8] Undefined variable: isTree /app/site/mark-ubuntu/web/backend.mcgoldfish.com/Application/Runtime/Cache/Home/fd93d816414af0ade2156438a8d6b092.php 第 484 行.
INFO: Run Behavior\ParseTemplateBehavior [ RunTime:0.005747s ]
INFO: [ view_parse ] --END-- [ RunTime:0.005770s ]
INFO: [ view_filter ] --START--
INFO: Run Behavior\WriteHtmlCacheBehavior [ RunTime:0.000035s ]
INFO: [ view_filter ] --END-- [ RunTime:0.000053s ]
INFO: [ app_end ] --START--
INFO: Run Behavior\ShowPageTraceBehavior [ RunTime:0.000028s ]
INFO: [ app_end ] --END-- [ RunTime:0.000048s ]

[ 2016-05-23T21:34:42+08:00 ] 192.168.56.1 /Home/Category//Public/media/image/avatar3.jpg
INFO: [ app_init ] --START--
INFO: Run Behavior\BuildLiteBehavior [ RunTime:0.000013s ]
INFO: [ app_init ] --END-- [ RunTime:0.000086s ]

[ 2016-05-23T21:34:42+08:00 ] 192.168.56.1 /Home/Category//Public/media/image/avatar1.jpg
INFO: [ app_init ] --START--
INFO: Run Behavior\BuildLiteBehavior [ RunTime:0.000014s ]
INFO: [ app_init ] --END-- [ RunTime:0.000083s ]

[ 2016-05-23T21:34:42+08:00 ] 192.168.56.1 /Home/Category/QueryData/
INFO: [ app_init ] --START--
INFO: Run Behavior\BuildLiteBehavior [ RunTime:0.000009s ]
INFO: [ app_init ] --END-- [ RunTime:0.000057s ]
INFO: [ app_begin ] --START--
INFO: Run Behavior\ReadHtmlCacheBehavior [ RunTime:0.000020s ]
INFO: [ app_begin ] --END-- [ RunTime:0.000039s ]
SQL: SHOW COLUMNS FROM `category` [ RunTime:0.0005s ]
SQL: SELECT * FROM `category` LIMIT 0,10   [ RunTime:0.0002s ]
SQL: SELECT COUNT(*) AS tp_count FROM `category` LIMIT 1   [ RunTime:0.0001s ]

[ 2016-05-23T21:34:47+08:00 ] 192.168.56.1 /Home/Category/QueryData/
INFO: [ app_init ] --START--
INFO: Run Behavior\BuildLiteBehavior [ RunTime:0.000013s ]
INFO: [ app_init ] --END-- [ RunTime:0.000073s ]
INFO: [ app_begin ] --START--
INFO: Run Behavior\ReadHtmlCacheBehavior [ RunTime:0.000029s ]
INFO: [ app_begin ] --END-- [ RunTime:0.000052s ]
SQL: SHOW COLUMNS FROM `category` [ RunTime:0.0005s ]
SQL: SELECT * FROM `category` LIMIT 10,10   [ RunTime:0.0002s ]
SQL: SELECT COUNT(*) AS tp_count FROM `category` LIMIT 1   [ RunTime:0.0001s ]

[ 2016-05-23T21:34:50+08:00 ] 192.168.56.1 /Home/Category/QueryData/
INFO: [ app_init ] --START--
INFO: Run Behavior\BuildLiteBehavior [ RunTime:0.000009s ]
INFO: [ app_init ] --END-- [ RunTime:0.000144s ]
INFO: [ app_begin ] --START--
INFO: Run Behavior\ReadHtmlCacheBehavior [ RunTime:0.000025s ]
INFO: [ app_begin ] --END-- [ RunTime:0.000045s ]
SQL: SHOW COLUMNS FROM `category` [ RunTime:0.0003s ]
SQL: SELECT * FROM `category` LIMIT 20,10   [ RunTime:0.0001s ]
SQL: SELECT COUNT(*) AS tp_count FROM `category` LIMIT 1   [ RunTime:0.0002s ]

[ 2016-05-23T21:34:52+08:00 ] 192.168.56.1 /Home/Category/QueryData/
INFO: [ app_init ] --START--
INFO: Run Behavior\BuildLiteBehavior [ RunTime:0.000008s ]
INFO: [ app_init ] --END-- [ RunTime:0.000048s ]
INFO: [ app_begin ] --START--
INFO: Run Behavior\ReadHtmlCacheBehavior [ RunTime:0.000020s ]
INFO: [ app_begin ] --END-- [ RunTime:0.000038s ]
SQL: SHOW COLUMNS FROM `category` [ RunTime:0.0005s ]
SQL: SELECT * FROM `category` LIMIT 0,10   [ RunTime:0.0001s ]
SQL: SELECT COUNT(*) AS tp_count FROM `category` LIMIT 1   [ RunTime:0.0001s ]

[ 2016-05-23T21:44:41+08:00 ] 192.168.56.1 /Home/Category/index.html
INFO: [ app_init ] --START--
INFO: Run Behavior\BuildLiteBehavior [ RunTime:0.000009s ]
INFO: [ app_init ] --END-- [ RunTime:0.000060s ]
INFO: [ app_begin ] --START--
INFO: Run Behavior\ReadHtmlCacheBehavior [ RunTime:0.000027s ]
INFO: [ app_begin ] --END-- [ RunTime:0.000052s ]
INFO: [ view_parse ] --START--
INFO: [ template_filter ] --START--
INFO: Run Behavior\ContentReplaceBehavior [ RunTime:0.000058s ]
INFO: [ template_filter ] --END-- [ RunTime:0.000083s ]
NOTIC: [8] Undefined variable: isTree /app/site/mark-ubuntu/web/backend.mcgoldfish.com/Application/Runtime/Cache/Home/fd93d816414af0ade2156438a8d6b092.php 第 44 行.
NOTIC: [8] Undefined variable: isEditor /app/site/mark-ubuntu/web/backend.mcgoldfish.com/Application/Runtime/Cache/Home/fd93d816414af0ade2156438a8d6b092.php 第 477 行.
NOTIC: [8] Undefined variable: isTree /app/site/mark-ubuntu/web/backend.mcgoldfish.com/Application/Runtime/Cache/Home/fd93d816414af0ade2156438a8d6b092.php 第 484 行.
INFO: Run Behavior\ParseTemplateBehavior [ RunTime:0.005583s ]
INFO: [ view_parse ] --END-- [ RunTime:0.005605s ]
INFO: [ view_filter ] --START--
INFO: Run Behavior\WriteHtmlCacheBehavior [ RunTime:0.000035s ]
INFO: [ view_filter ] --END-- [ RunTime:0.000051s ]
INFO: [ app_end ] --START--
INFO: Run Behavior\ShowPageTraceBehavior [ RunTime:0.000027s ]
INFO: [ app_end ] --END-- [ RunTime:0.000044s ]

[ 2016-05-23T21:44:41+08:00 ] 192.168.56.1 /Home/Category//Public/media/image/avatar3.jpg
INFO: [ app_init ] --START--
INFO: Run Behavior\BuildLiteBehavior [ RunTime:0.000014s ]
INFO: [ app_init ] --END-- [ RunTime:0.000086s ]

[ 2016-05-23T21:44:41+08:00 ] 192.168.56.1 /Home/Category//Public/media/image/avatar1.jpg
INFO: [ app_init ] --START--
INFO: Run Behavior\BuildLiteBehavior [ RunTime:0.000014s ]
INFO: [ app_init ] --END-- [ RunTime:0.000087s ]

[ 2016-05-23T21:44:42+08:00 ] 192.168.56.1 /Home/Category/QueryData/
INFO: [ app_init ] --START--
INFO: Run Behavior\BuildLiteBehavior [ RunTime:0.000018s ]
INFO: [ app_init ] --END-- [ RunTime:0.000103s ]
INFO: [ app_begin ] --START--
INFO: Run Behavior\ReadHtmlCacheBehavior [ RunTime:0.000036s ]
INFO: [ app_begin ] --END-- [ RunTime:0.000065s ]
SQL: SHOW COLUMNS FROM `category` [ RunTime:0.0004s ]
SQL: SELECT * FROM `category` LIMIT 0,10   [ RunTime:0.0001s ]
SQL: SELECT COUNT(*) AS tp_count FROM `category` LIMIT 1   [ RunTime:0.0001s ]

[ 2016-05-23T21:44:43+08:00 ] 192.168.56.1 /Home/Url/index.html
INFO: [ app_init ] --START--
INFO: Run Behavior\BuildLiteBehavior [ RunTime:0.000009s ]
INFO: [ app_init ] --END-- [ RunTime:0.000056s ]
INFO: [ app_begin ] --START--
INFO: Run Behavior\ReadHtmlCacheBehavior [ RunTime:0.000026s ]
INFO: [ app_begin ] --END-- [ RunTime:0.000049s ]
INFO: [ view_parse ] --START--
INFO: [ template_filter ] --START--
INFO: Run Behavior\ContentReplaceBehavior [ RunTime:0.000139s ]
INFO: [ template_filter ] --END-- [ RunTime:0.000210s ]
NOTIC: [8] Undefined variable: isTree /app/site/mark-ubuntu/web/backend.mcgoldfish.com/Application/Runtime/Cache/Home/4c5d0ede7b08c833b0b4338743b526da.php 第 44 行.
NOTIC: [8] Undefined variable: isEditor /app/site/mark-ubuntu/web/backend.mcgoldfish.com/Application/Runtime/Cache/Home/4c5d0ede7b08c833b0b4338743b526da.php 第 486 行.
NOTIC: [8] Undefined variable: isTree /app/site/mark-ubuntu/web/backend.mcgoldfish.com/Application/Runtime/Cache/Home/4c5d0ede7b08c833b0b4338743b526da.php 第 493 行.
INFO: Run Behavior\ParseTemplateBehavior [ RunTime:0.006246s ]
INFO: [ view_parse ] --END-- [ RunTime:0.006268s ]
INFO: [ view_filter ] --START--
INFO: Run Behavior\WriteHtmlCacheBehavior [ RunTime:0.000031s ]
INFO: [ view_filter ] --END-- [ RunTime:0.000046s ]
INFO: [ app_end ] --START--
INFO: Run Behavior\ShowPageTraceBehavior [ RunTime:0.000023s ]
INFO: [ app_end ] --END-- [ RunTime:0.000042s ]

[ 2016-05-23T21:44:43+08:00 ] 192.168.56.1 /Home/Url//Public/media/image/avatar3.jpg
INFO: [ app_init ] --START--
INFO: Run Behavior\BuildLiteBehavior [ RunTime:0.000014s ]
INFO: [ app_init ] --END-- [ RunTime:0.000089s ]

[ 2016-05-23T21:44:43+08:00 ] 192.168.56.1 /Home/Url//Public/media/image/avatar1.jpg
INFO: [ app_init ] --START--
INFO: Run Behavior\BuildLiteBehavior [ RunTime:0.000012s ]
INFO: [ app_init ] --END-- [ RunTime:0.000083s ]

[ 2016-05-23T21:44:44+08:00 ] 192.168.56.1 /Home/Url/QueryData/
INFO: [ app_init ] --START--
INFO: Run Behavior\BuildLiteBehavior [ RunTime:0.000008s ]
INFO: [ app_init ] --END-- [ RunTime:0.000052s ]
INFO: [ app_begin ] --START--
INFO: Run Behavior\ReadHtmlCacheBehavior [ RunTime:0.000022s ]
INFO: [ app_begin ] --END-- [ RunTime:0.000040s ]
SQL: SHOW COLUMNS FROM `rewrite_url` [ RunTime:0.0007s ]
SQL: SELECT * FROM `rewrite_url` LIMIT 0,10   [ RunTime:0.0001s ]
SQL: SELECT COUNT(*) AS tp_count FROM `rewrite_url` LIMIT 1   [ RunTime:0.0001s ]

[ 2016-05-23T22:02:27+08:00 ] 192.168.56.1 /Home/Url/index.html
INFO: [ app_init ] --START--
INFO: Run Behavior\BuildLiteBehavior [ RunTime:0.000008s ]
INFO: [ app_init ] --END-- [ RunTime:0.000053s ]
INFO: [ app_begin ] --START--
INFO: Run Behavior\ReadHtmlCacheBehavior [ RunTime:0.000023s ]
INFO: [ app_begin ] --END-- [ RunTime:0.000043s ]
INFO: [ view_parse ] --START--
INFO: [ template_filter ] --START--
INFO: Run Behavior\ContentReplaceBehavior [ RunTime:0.000061s ]
INFO: [ template_filter ] --END-- [ RunTime:0.000095s ]
NOTIC: [8] Undefined variable: isTree /app/site/mark-ubuntu/web/backend.mcgoldfish.com/Application/Runtime/Cache/Home/4c5d0ede7b08c833b0b4338743b526da.php 第 44 行.
NOTIC: [8] Undefined variable: isEditor /app/site/mark-ubuntu/web/backend.mcgoldfish.com/Application/Runtime/Cache/Home/4c5d0ede7b08c833b0b4338743b526da.php 第 486 行.
NOTIC: [8] Undefined variable: isTree /app/site/mark-ubuntu/web/backend.mcgoldfish.com/Application/Runtime/Cache/Home/4c5d0ede7b08c833b0b4338743b526da.php 第 493 行.
INFO: Run Behavior\ParseTemplateBehavior [ RunTime:0.006230s ]
INFO: [ view_parse ] --END-- [ RunTime:0.006255s ]
INFO: [ view_filter ] --START--
INFO: Run Behavior\WriteHtmlCacheBehavior [ RunTime:0.000041s ]
INFO: [ view_filter ] --END-- [ RunTime:0.000058s ]
INFO: [ app_end ] --START--
INFO: Run Behavior\ShowPageTraceBehavior [ RunTime:0.000085s ]
INFO: [ app_end ] --END-- [ RunTime:0.000107s ]

[ 2016-05-23T22:02:28+08:00 ] 192.168.56.1 /Home/Url//Public/media/image/avatar1.jpg
INFO: [ app_init ] --START--
INFO: Run Behavior\BuildLiteBehavior [ RunTime:0.000016s ]
INFO: [ app_init ] --END-- [ RunTime:0.000096s ]

[ 2016-05-23T22:02:28+08:00 ] 192.168.56.1 /Home/Url//Public/media/image/avatar3.jpg
INFO: [ app_init ] --START--
INFO: Run Behavior\BuildLiteBehavior [ RunTime:0.000014s ]
INFO: [ app_init ] --END-- [ RunTime:0.000085s ]

[ 2016-05-23T22:22:54+08:00 ] 192.168.56.1 /Home/Url/index.html
INFO: [ app_init ] --START--
INFO: Run Behavior\BuildLiteBehavior [ RunTime:0.000013s ]
INFO: [ app_init ] --END-- [ RunTime:0.000068s ]
INFO: [ app_begin ] --START--
INFO: Run Behavior\ReadHtmlCacheBehavior [ RunTime:0.000046s ]
INFO: [ app_begin ] --END-- [ RunTime:0.000087s ]
INFO: [ view_parse ] --START--
INFO: [ template_filter ] --START--
INFO: Run Behavior\ContentReplaceBehavior [ RunTime:0.000056s ]
INFO: [ template_filter ] --END-- [ RunTime:0.000087s ]
NOTIC: [8] Undefined variable: isTree /app/site/mark-ubuntu/web/backend.mcgoldfish.com/Application/Runtime/Cache/Home/4c5d0ede7b08c833b0b4338743b526da.php 第 44 行.
NOTIC: [8] Undefined variable: isEditor /app/site/mark-ubuntu/web/backend.mcgoldfish.com/Application/Runtime/Cache/Home/4c5d0ede7b08c833b0b4338743b526da.php 第 486 行.
NOTIC: [8] Undefined variable: isTree /app/site/mark-ubuntu/web/backend.mcgoldfish.com/Application/Runtime/Cache/Home/4c5d0ede7b08c833b0b4338743b526da.php 第 493 行.
INFO: Run Behavior\ParseTemplateBehavior [ RunTime:0.005574s ]
INFO: [ view_parse ] --END-- [ RunTime:0.005600s ]
INFO: [ view_filter ] --START--
INFO: Run Behavior\WriteHtmlCacheBehavior [ RunTime:0.000031s ]
INFO: [ view_filter ] --END-- [ RunTime:0.000047s ]
INFO: [ app_end ] --START--
INFO: Run Behavior\ShowPageTraceBehavior [ RunTime:0.000029s ]
INFO: [ app_end ] --END-- [ RunTime:0.000047s ]

[ 2016-05-23T22:22:55+08:00 ] 192.168.56.1 /Home/Url//Public/media/image/avatar1.jpg
INFO: [ app_init ] --START--
INFO: Run Behavior\BuildLiteBehavior [ RunTime:0.000030s ]
INFO: [ app_init ] --END-- [ RunTime:0.001134s ]

[ 2016-05-23T22:22:55+08:00 ] 192.168.56.1 /Home/Url//Public/media/image/avatar3.jpg
INFO: [ app_init ] --START--
INFO: Run Behavior\BuildLiteBehavior [ RunTime:0.000013s ]
INFO: [ app_init ] --END-- [ RunTime:0.000256s ]

[ 2016-05-23T22:22:56+08:00 ] 192.168.56.1 /Home/Url/QueryData/
INFO: [ app_init ] --START--
INFO: Run Behavior\BuildLiteBehavior [ RunTime:0.000008s ]
INFO: [ app_init ] --END-- [ RunTime:0.000050s ]
INFO: [ app_begin ] --START--
INFO: Run Behavior\ReadHtmlCacheBehavior [ RunTime:0.000019s ]
INFO: [ app_begin ] --END-- [ RunTime:0.000039s ]
SQL: SHOW COLUMNS FROM `rewrite_url` [ RunTime:0.0004s ]
SQL: SELECT * FROM `rewrite_url` LIMIT 0,10   [ RunTime:0.0001s ]
SQL: SELECT COUNT(*) AS tp_count FROM `rewrite_url` LIMIT 1   [ RunTime:0.0001s ]

[ 2016-05-23T22:30:47+08:00 ] 192.168.56.1 /Home/Article/index.html
INFO: [ app_init ] --START--
INFO: Run Behavior\BuildLiteBehavior [ RunTime:0.000007s ]
INFO: [ app_init ] --END-- [ RunTime:0.000049s ]
INFO: [ app_begin ] --START--
INFO: Run Behavior\ReadHtmlCacheBehavior [ RunTime:0.000024s ]
INFO: [ app_begin ] --END-- [ RunTime:0.000045s ]
INFO: [ view_parse ] --START--
INFO: [ template_filter ] --START--
INFO: Run Behavior\ContentReplaceBehavior [ RunTime:0.000057s ]
INFO: [ template_filter ] --END-- [ RunTime:0.000088s ]
NOTIC: [8] Undefined variable: isTree /app/site/mark-ubuntu/web/backend.mcgoldfish.com/Application/Runtime/Cache/Home/2ac6c1276904b87404ed678dbabb985c.php 第 44 行.
NOTIC: [8] Undefined variable: isEditor /app/site/mark-ubuntu/web/backend.mcgoldfish.com/Application/Runtime/Cache/Home/2ac6c1276904b87404ed678dbabb985c.php 第 486 行.
NOTIC: [8] Undefined variable: isTree /app/site/mark-ubuntu/web/backend.mcgoldfish.com/Application/Runtime/Cache/Home/2ac6c1276904b87404ed678dbabb985c.php 第 493 行.
INFO: Run Behavior\ParseTemplateBehavior [ RunTime:0.005659s ]
INFO: [ view_parse ] --END-- [ RunTime:0.005681s ]
INFO: [ view_filter ] --START--
INFO: Run Behavior\WriteHtmlCacheBehavior [ RunTime:0.000033s ]
INFO: [ view_filter ] --END-- [ RunTime:0.000049s ]
INFO: [ app_end ] --START--
INFO: Run Behavior\ShowPageTraceBehavior [ RunTime:0.000026s ]
INFO: [ app_end ] --END-- [ RunTime:0.000046s ]

[ 2016-05-23T22:30:47+08:00 ] 192.168.56.1 /Home/Article//Public/media/image/avatar3.jpg
INFO: [ app_init ] --START--
INFO: Run Behavior\BuildLiteBehavior [ RunTime:0.000013s ]
INFO: [ app_init ] --END-- [ RunTime:0.000077s ]

[ 2016-05-23T22:30:47+08:00 ] 192.168.56.1 /Home/Article//Public/media/image/avatar1.jpg
INFO: [ app_init ] --START--
INFO: Run Behavior\BuildLiteBehavior [ RunTime:0.000013s ]
INFO: [ app_init ] --END-- [ RunTime:0.000131s ]

[ 2016-05-23T22:30:47+08:00 ] 192.168.56.1 /Home/Article/QueryData/
INFO: [ app_init ] --START--
INFO: Run Behavior\BuildLiteBehavior [ RunTime:0.000007s ]
INFO: [ app_init ] --END-- [ RunTime:0.000048s ]
INFO: [ app_begin ] --START--
INFO: Run Behavior\ReadHtmlCacheBehavior [ RunTime:0.000028s ]
INFO: [ app_begin ] --END-- [ RunTime:0.000053s ]
SQL: SHOW COLUMNS FROM `article` [ RunTime:0.0005s ]
SQL: SELECT * FROM `article` LIMIT 0,10   [ RunTime:0.0002s ]
SQL: SELECT COUNT(*) AS tp_count FROM `article` LIMIT 1   [ RunTime:0.0001s ]

[ 2016-05-23T22:30:49+08:00 ] 192.168.56.1 /Home/Article/edit/id/25
INFO: [ app_init ] --START--
INFO: Run Behavior\BuildLiteBehavior [ RunTime:0.000009s ]
INFO: [ app_init ] --END-- [ RunTime:0.000068s ]
INFO: [ app_begin ] --START--
INFO: Run Behavior\ReadHtmlCacheBehavior [ RunTime:0.000170s ]
INFO: [ app_begin ] --END-- [ RunTime:0.000247s ]
SQL: SHOW COLUMNS FROM `article` [ RunTime:0.0004s ]
SQL: select * from article where id = 25 [ RunTime:0.0001s ]
INFO: [ view_parse ] --START--
INFO: [ template_filter ] --START--
INFO: Run Behavior\ContentReplaceBehavior [ RunTime:0.000060s ]
INFO: [ template_filter ] --END-- [ RunTime:0.000094s ]
NOTIC: [8] Undefined variable: isTree /app/site/mark-ubuntu/web/backend.mcgoldfish.com/Application/Runtime/Cache/Home/b7927e95db6fba5f348d0069c492c365.php 第 44 行.
NOTIC: [8] Undefined variable: blockName /app/site/mark-ubuntu/web/backend.mcgoldfish.com/Application/Runtime/Cache/Home/b7927e95db6fba5f348d0069c492c365.php 第 320 行.
NOTIC: [8] Undefined variable: 原创 /app/site/mark-ubuntu/web/backend.mcgoldfish.com/Application/Runtime/Cache/Home/b7927e95db6fba5f348d0069c492c365.php 第 381 行.
NOTIC: [8] Undefined variable: 原创 /app/site/mark-ubuntu/web/backend.mcgoldfish.com/Application/Runtime/Cache/Home/b7927e95db6fba5f348d0069c492c365.php 第 382 行.
NOTIC: [8] Undefined variable: isTree /app/site/mark-ubuntu/web/backend.mcgoldfish.com/Application/Runtime/Cache/Home/b7927e95db6fba5f348d0069c492c365.php 第 464 行.
INFO: Run Behavior\ParseTemplateBehavior [ RunTime:0.007891s ]
INFO: [ view_parse ] --END-- [ RunTime:0.007917s ]
INFO: [ view_filter ] --START--
INFO: Run Behavior\WriteHtmlCacheBehavior [ RunTime:0.000028s ]
INFO: [ view_filter ] --END-- [ RunTime:0.000043s ]
INFO: [ app_end ] --START--
INFO: Run Behavior\ShowPageTraceBehavior [ RunTime:0.000023s ]
INFO: [ app_end ] --END-- [ RunTime:0.000042s ]

[ 2016-05-23T22:30:49+08:00 ] 192.168.56.1 /Home/Article/edit/id//Public/media/image/avatar3.jpg
INFO: [ app_init ] --START--
INFO: Run Behavior\BuildLiteBehavior [ RunTime:0.000014s ]
INFO: [ app_init ] --END-- [ RunTime:0.000100s ]

[ 2016-05-23T22:30:49+08:00 ] 192.168.56.1 /Home/Article/edit/id//Public/media/image/avatar1.jpg
INFO: [ app_init ] --START--
INFO: Run Behavior\BuildLiteBehavior [ RunTime:0.000025s ]
INFO: [ app_init ] --END-- [ RunTime:0.000283s ]

